{
  "stats": {
    "suites": 12,
    "tests": 41,
    "passes": 25,
    "pending": 0,
    "failures": 16,
    "start": "2022-02-15T23:23:26.414Z",
    "end": "2022-02-15T23:24:53.611Z",
    "duration": 87197,
    "testsRegistered": 41,
    "passPercent": 60.97560975609756,
    "pendingPercent": 0,
    "other": 0,
    "hasOther": false,
    "skipped": 0,
    "hasSkipped": false
  },
  "results": [
    {
      "uuid": "ffa020f0-e989-4233-83da-ef2d501bf7b1",
      "title": "",
      "fullFile": "cypress/integration/project.spec.js",
      "file": "cypress/integration/project.spec.js",
      "beforeHooks": [],
      "afterHooks": [],
      "tests": [],
      "suites": [
        {
          "uuid": "e41e029d-428f-4f91-9308-ad3b622cff71",
          "title": "1 - Adicione à página o título \"Paleta de Cores\".",
          "fullFile": "",
          "file": "",
          "beforeHooks": [],
          "afterHooks": [],
          "tests": [
            {
              "title": "Verifica se contém um elemento `h1` com o id `title` com o título correto",
              "fullTitle": "1 - Adicione à página o título \"Paleta de Cores\". Verifica se contém um elemento `h1` com o id `title` com o título correto",
              "timedOut": null,
              "duration": 257,
              "state": "passed",
              "speed": "slow",
              "pass": true,
              "fail": false,
              "pending": false,
              "context": null,
              "code": "cy.get('h1#title').should('contain.text', 'Paleta de Cores');",
              "err": {},
              "uuid": "c2f1ec5c-8771-4a03-b88b-e8ebdf2beeaa",
              "parentUUID": "e41e029d-428f-4f91-9308-ad3b622cff71",
              "isHook": false,
              "skipped": false
            }
          ],
          "suites": [],
          "passes": [
            "c2f1ec5c-8771-4a03-b88b-e8ebdf2beeaa"
          ],
          "failures": [],
          "pending": [],
          "skipped": [],
          "duration": 257,
          "root": false,
          "rootEmpty": false,
          "_timeout": 2000
        },
        {
          "uuid": "73e5f901-244b-4d17-ab49-6ebf6c734122",
          "title": "2 - Adicione à página uma paleta de quatro cores distintas.",
          "fullFile": "",
          "file": "",
          "beforeHooks": [],
          "afterHooks": [],
          "tests": [
            {
              "title": "A paleta de cores deve ser um elemento com `id` denominado `color-palette` e ter mais de 0px de altura e de largura.",
              "fullTitle": "2 - Adicione à página uma paleta de quatro cores distintas. A paleta de cores deve ser um elemento com `id` denominado `color-palette` e ter mais de 0px de altura e de largura.",
              "timedOut": null,
              "duration": 73,
              "state": "passed",
              "speed": "medium",
              "pass": true,
              "fail": false,
              "pending": false,
              "context": null,
              "code": "cy.get('#color-palette').should('be.visible');\ncy.get('#color-palette').children('.color');",
              "err": {},
              "uuid": "31aec2e5-e545-49f2-bdd2-0179e7f130ce",
              "parentUUID": "73e5f901-244b-4d17-ab49-6ebf6c734122",
              "isHook": false,
              "skipped": false
            },
            {
              "title": "Verifica se cada cor individual da paleta de cores possui a `classe` chamada `color`.",
              "fullTitle": "2 - Adicione à página uma paleta de quatro cores distintas. Verifica se cada cor individual da paleta de cores possui a `classe` chamada `color`.",
              "timedOut": null,
              "duration": 96,
              "state": "passed",
              "speed": "slow",
              "pass": true,
              "fail": false,
              "pending": false,
              "context": null,
              "code": "cy.get('.color').should('have.length', 4).then(function (colors) {\n  for (var i = 0; i < colors.length; i++) {\n    cy.wrap(colors[i]).should('be.visible');\n  }\n});",
              "err": {},
              "uuid": "222b0cf0-2dd1-4279-bf0a-e0be327cc4d0",
              "parentUUID": "73e5f901-244b-4d17-ab49-6ebf6c734122",
              "isHook": false,
              "skipped": false
            },
            {
              "title": "Verifica se a cor de fundo de cada elemento da paleta é a cor que o elemento representa. **A única cor não permitida na paleta é a cor branca.**",
              "fullTitle": "2 - Adicione à página uma paleta de quatro cores distintas. Verifica se a cor de fundo de cada elemento da paleta é a cor que o elemento representa. **A única cor não permitida na paleta é a cor branca.**",
              "timedOut": null,
              "duration": 97,
              "state": "passed",
              "speed": "slow",
              "pass": true,
              "fail": false,
              "pending": false,
              "context": null,
              "code": "cy.get('.color').each(function (color) {\n  cy.wrap(color).should('have.class', 'color').and('not.have.css', 'background-color', WHITE);\n  cy.wrap(color).should('have.css', 'background-color');\n});",
              "err": {},
              "uuid": "eb812037-c2c3-4938-9ad0-c25d358625f5",
              "parentUUID": "73e5f901-244b-4d17-ab49-6ebf6c734122",
              "isHook": false,
              "skipped": false
            },
            {
              "title": "Verifica se cada elemento da paleta de cores tem uma borda preta, sólida e com 1 pixel de largura;",
              "fullTitle": "2 - Adicione à página uma paleta de quatro cores distintas. Verifica se cada elemento da paleta de cores tem uma borda preta, sólida e com 1 pixel de largura;",
              "timedOut": null,
              "duration": 85,
              "state": "passed",
              "speed": "slow",
              "pass": true,
              "fail": false,
              "pending": false,
              "context": null,
              "code": "cy.get('.color').each(function (color) {\n  cy.wrap(color).and('have.css', 'border', \"1px solid \".concat(BLACK)).and('have.class', 'color');\n});",
              "err": {},
              "uuid": "21482b3a-7cb2-4829-a910-df9fbf2212ad",
              "parentUUID": "73e5f901-244b-4d17-ab49-6ebf6c734122",
              "isHook": false,
              "skipped": false
            },
            {
              "title": "Verifica se a paleta lista todas as cores disponíveis para utilização, lado a lado.",
              "fullTitle": "2 - Adicione à página uma paleta de quatro cores distintas. Verifica se a paleta lista todas as cores disponíveis para utilização, lado a lado.",
              "timedOut": null,
              "duration": 97,
              "state": "passed",
              "speed": "slow",
              "pass": true,
              "fail": false,
              "pending": false,
              "context": null,
              "code": "cy.get('.color').then(function (colors) {\n  for (var index = 1; index < colors.length; index += 1) {\n    var currentColor = colors[index];\n    var previousColor = colors[index - 1];\n    cy.wrap(currentColor).should('be.onTheRightOf', previousColor).and('be.horizontallyAlignedWith', previousColor);\n  }\n});",
              "err": {},
              "uuid": "84725a66-a945-46d4-89a3-ec927406ce31",
              "parentUUID": "73e5f901-244b-4d17-ab49-6ebf6c734122",
              "isHook": false,
              "skipped": false
            },
            {
              "title": "Verifica se a paleta de cores está posicionada abaixo do título 'Paleta de Cores'",
              "fullTitle": "2 - Adicione à página uma paleta de quatro cores distintas. Verifica se a paleta de cores está posicionada abaixo do título 'Paleta de Cores'",
              "timedOut": null,
              "duration": 98,
              "state": "passed",
              "speed": "slow",
              "pass": true,
              "fail": false,
              "pending": false,
              "context": null,
              "code": "cy.get('h1#title').then(function (title) {\n  cy.get('#color-palette').should('be.belowOf', title);\n});",
              "err": {},
              "uuid": "3833d83d-cd9a-48ca-9123-b7f54101767c",
              "parentUUID": "73e5f901-244b-4d17-ab49-6ebf6c734122",
              "isHook": false,
              "skipped": false
            },
            {
              "title": "Verifica se a paleta de cores não contém cores repetidas.",
              "fullTitle": "2 - Adicione à página uma paleta de quatro cores distintas. Verifica se a paleta de cores não contém cores repetidas.",
              "timedOut": null,
              "duration": 80,
              "state": "passed",
              "speed": "slow",
              "pass": true,
              "fail": false,
              "pending": false,
              "context": null,
              "code": "cy.get('.color').then(function (colors) {\n  var allColors = Array.from(colors).map(function (color) {\n    return Cypress.$(color).css('background-color');\n  });\n  cy.log(allColors);\n  var uniqColors = (0, _toConsumableArray2[\"default\"])(new Set(allColors));\n  cy.log(uniqColors);\n  expect(allColors.length).to.eq(uniqColors.length);\n});",
              "err": {},
              "uuid": "5bd96761-c90e-4d2b-b9b7-f967d2b785bd",
              "parentUUID": "73e5f901-244b-4d17-ab49-6ebf6c734122",
              "isHook": false,
              "skipped": false
            }
          ],
          "suites": [],
          "passes": [
            "31aec2e5-e545-49f2-bdd2-0179e7f130ce",
            "222b0cf0-2dd1-4279-bf0a-e0be327cc4d0",
            "eb812037-c2c3-4938-9ad0-c25d358625f5",
            "21482b3a-7cb2-4829-a910-df9fbf2212ad",
            "84725a66-a945-46d4-89a3-ec927406ce31",
            "3833d83d-cd9a-48ca-9123-b7f54101767c",
            "5bd96761-c90e-4d2b-b9b7-f967d2b785bd"
          ],
          "failures": [],
          "pending": [],
          "skipped": [],
          "duration": 626,
          "root": false,
          "rootEmpty": false,
          "_timeout": 2000
        },
        {
          "uuid": "e46644e0-eaf0-4974-a687-193da00f1e6b",
          "title": "3 - Adicione a cor **preta** como a primeira cor da paleta de cores.",
          "fullFile": "",
          "file": "",
          "beforeHooks": [],
          "afterHooks": [],
          "tests": [
            {
              "title": "Verifica se a primeira cor da paleta é preta",
              "fullTitle": "3 - Adicione a cor **preta** como a primeira cor da paleta de cores. Verifica se a primeira cor da paleta é preta",
              "timedOut": null,
              "duration": 62,
              "state": "passed",
              "speed": "medium",
              "pass": true,
              "fail": false,
              "pending": false,
              "context": null,
              "code": "cy.get('.color').first().should('have.css', 'background-color', BLACK);",
              "err": {},
              "uuid": "7241933e-28f5-4340-9496-db8b81c8f018",
              "parentUUID": "e46644e0-eaf0-4974-a687-193da00f1e6b",
              "isHook": false,
              "skipped": false
            },
            {
              "title": "Verifica se as demais cores podem ser escolhidas livremente.",
              "fullTitle": "3 - Adicione a cor **preta** como a primeira cor da paleta de cores. Verifica se as demais cores podem ser escolhidas livremente.",
              "timedOut": null,
              "duration": 144,
              "state": "passed",
              "speed": "slow",
              "pass": true,
              "fail": false,
              "pending": false,
              "context": null,
              "code": "cy.get('.color').eq(1).should('not.have.css', 'background-color', BLACK);\ncy.get('.color').eq(1).should('not.have.css', 'background-color', WHITE);\ncy.get('.color').eq(1).should('not.have.css', 'background-color', 'rgba(0, 0, 0, 0)');\ncy.get('.color').eq(1).should('have.css', 'background-color');\ncy.get('.color').eq(2).should('not.have.css', 'background-color', BLACK);\ncy.get('.color').eq(2).should('not.have.css', 'background-color', WHITE);\ncy.get('.color').eq(2).should('not.have.css', 'background-color', 'rgba(0, 0, 0, 0)');\ncy.get('.color').eq(2).should('have.css', 'background-color');\ncy.get('.color').eq(3).should('not.have.css', 'background-color', BLACK);\ncy.get('.color').eq(3).should('not.have.css', 'background-color', WHITE);\ncy.get('.color').eq(3).should('not.have.css', 'background-color', 'rgba(0, 0, 0, 0)');\ncy.get('.color').eq(3).should('have.css', 'background-color');",
              "err": {},
              "uuid": "1f2ff19a-094c-4ead-88a0-dcce5e6f1ca0",
              "parentUUID": "e46644e0-eaf0-4974-a687-193da00f1e6b",
              "isHook": false,
              "skipped": false
            }
          ],
          "suites": [],
          "passes": [
            "7241933e-28f5-4340-9496-db8b81c8f018",
            "1f2ff19a-094c-4ead-88a0-dcce5e6f1ca0"
          ],
          "failures": [],
          "pending": [],
          "skipped": [],
          "duration": 206,
          "root": false,
          "rootEmpty": false,
          "_timeout": 2000
        },
        {
          "uuid": "0baffc05-1264-4391-8567-eb7ed356b669",
          "title": "4 - Adicione à página um quadro de pixels, com 25 pixels.",
          "fullFile": "",
          "file": "",
          "beforeHooks": [],
          "afterHooks": [],
          "tests": [
            {
              "title": "Verifica se o quadro de pixels possui o `id` denominado `pixel-board`",
              "fullTitle": "4 - Adicione à página um quadro de pixels, com 25 pixels. Verifica se o quadro de pixels possui o `id` denominado `pixel-board`",
              "timedOut": null,
              "duration": 4238,
              "state": "failed",
              "speed": null,
              "pass": false,
              "fail": true,
              "pending": false,
              "context": null,
              "code": "cy.get('#pixel-board').should('be.visible');",
              "err": {
                "message": "CypressError: Timed out retrying: expected '<main#pixel-board>' to be 'visible'\n\nThis element '<main#pixel-board>' is not visible because it has an effective width and height of: '270 x 0' pixels.",
                "estack": "CypressError: Timed out retrying: expected '<main#pixel-board>' to be 'visible'\n\nThis element '<main#pixel-board>' is not visible because it has an effective width and height of: '270 x 0' pixels.\n    at cypressErr (http://localhost:33191/__cypress/runner/cypress_runner.js:149934:9)\n    at throwErr (http://localhost:33191/__cypress/runner/cypress_runner.js:149867:11)\n    at Object.throwErrByPath (http://localhost:33191/__cypress/runner/cypress_runner.js:149915:3)\n    at retry (http://localhost:33191/__cypress/runner/cypress_runner.js:144197:19)\n    at onFailFn (http://localhost:33191/__cypress/runner/cypress_runner.js:132448:16)\n    at tryCatcher (http://localhost:33191/__cypress/runner/cypress_runner.js:167415:23)\n    at Promise._settlePromiseFromHandler (http://localhost:33191/__cypress/runner/cypress_runner.js:165351:31)\n    at Promise._settlePromise (http://localhost:33191/__cypress/runner/cypress_runner.js:165408:18)\n    at Promise._settlePromise0 (http://localhost:33191/__cypress/runner/cypress_runner.js:165453:10)\n    at Promise._settlePromises (http://localhost:33191/__cypress/runner/cypress_runner.js:165528:18)\n    at Async../node_modules/bluebird/js/release/async.js.Async._drainQueue (http://localhost:33191/__cypress/runner/cypress_runner.js:162140:16)\n    at Async../node_modules/bluebird/js/release/async.js.Async._drainQueues (http://localhost:33191/__cypress/runner/cypress_runner.js:162150:10)\n    at Async.drainQueues (http://localhost:33191/__cypress/runner/cypress_runner.js:162024:14)",
                "diff": null
              },
              "uuid": "46d70c57-d242-48f0-8f9c-534f8333bd6d",
              "parentUUID": "0baffc05-1264-4391-8567-eb7ed356b669",
              "isHook": false,
              "skipped": false
            },
            {
              "title": "Verifica se cada pixel individual dentro do quadro possui a `classe` denominada `pixel`.",
              "fullTitle": "4 - Adicione à página um quadro de pixels, com 25 pixels. Verifica se cada pixel individual dentro do quadro possui a `classe` denominada `pixel`.",
              "timedOut": null,
              "duration": 112,
              "state": "passed",
              "speed": "slow",
              "pass": true,
              "fail": false,
              "pending": false,
              "context": null,
              "code": "cy.get('.pixel').should('have.length', 25);",
              "err": {},
              "uuid": "bdcb1a3b-ecb6-4825-bb79-c35acf7b53a1",
              "parentUUID": "0baffc05-1264-4391-8567-eb7ed356b669",
              "isHook": false,
              "skipped": false
            },
            {
              "title": "Verifica se a cor inicial dos pixels dentro do quadro, ao abrir a página, é branca.",
              "fullTitle": "4 - Adicione à página um quadro de pixels, com 25 pixels. Verifica se a cor inicial dos pixels dentro do quadro, ao abrir a página, é branca.",
              "timedOut": null,
              "duration": 99,
              "state": "passed",
              "speed": "slow",
              "pass": true,
              "fail": false,
              "pending": false,
              "context": null,
              "code": "cy.get('.pixel').should('have.length', 25).each(function (pixel) {\n  expect(pixel).to.have.css('background-color', WHITE);\n});",
              "err": {},
              "uuid": "f06bcb72-6322-47db-920a-e1314c5cc168",
              "parentUUID": "0baffc05-1264-4391-8567-eb7ed356b669",
              "isHook": false,
              "skipped": false
            },
            {
              "title": "Verifica se o quadro de pixels aparece abaixo da paleta de cores",
              "fullTitle": "4 - Adicione à página um quadro de pixels, com 25 pixels. Verifica se o quadro de pixels aparece abaixo da paleta de cores",
              "timedOut": null,
              "duration": 62,
              "state": "passed",
              "speed": "medium",
              "pass": true,
              "fail": false,
              "pending": false,
              "context": null,
              "code": "cy.get('#color-palette').then(function (palette) {\n  cy.get('#pixel-board').should('be.belowOf', palette);\n});",
              "err": {},
              "uuid": "4296b08d-55fd-485d-84d7-fde65e374e9d",
              "parentUUID": "0baffc05-1264-4391-8567-eb7ed356b669",
              "isHook": false,
              "skipped": false
            }
          ],
          "suites": [],
          "passes": [
            "bdcb1a3b-ecb6-4825-bb79-c35acf7b53a1",
            "f06bcb72-6322-47db-920a-e1314c5cc168",
            "4296b08d-55fd-485d-84d7-fde65e374e9d"
          ],
          "failures": [
            "46d70c57-d242-48f0-8f9c-534f8333bd6d"
          ],
          "pending": [],
          "skipped": [],
          "duration": 4511,
          "root": false,
          "rootEmpty": false,
          "_timeout": 2000
        },
        {
          "uuid": "04f5709c-6047-473f-88aa-bbc16e3663a5",
          "title": "5 - Faça com que cada elemento do quadro de pixels possua 40 pixels de largura, 40 pixels de altura e seja delimitado por uma borda preta de 1 pixel.",
          "fullFile": "",
          "file": "",
          "beforeHooks": [],
          "afterHooks": [],
          "tests": [
            {
              "title": "Verifica se o quadro de pixels tem altura e comprimento de 5 elementos",
              "fullTitle": "5 - Faça com que cada elemento do quadro de pixels possua 40 pixels de largura, 40 pixels de altura e seja delimitado por uma borda preta de 1 pixel. Verifica se o quadro de pixels tem altura e comprimento de 5 elementos",
              "timedOut": null,
              "duration": 167,
              "state": "passed",
              "speed": "slow",
              "pass": true,
              "fail": false,
              "pending": false,
              "context": null,
              "code": "cy.get('.pixel').should('have.length', 25).each(function (pixel) {\n  expect(pixel).to.have.css('background-color', WHITE);\n}).and(function (pixels) {\n  var rows = chunk(pixels, 5);\n  rows.forEach(function (row) {\n    for (var index = 1; index < row.length; index += 1) {\n      var current = pixels[index];\n      var previous = pixels[index - 1];\n      cy.wrap(current).should('be.onTheRightOf', previous).and('be.horizontallyAlignedWith', previous);\n    }\n  });\n  for (var index = 1; index < 5; index += 1) {\n    expect(pixels[index * 5]).to.be.belowOf(pixels[(index - 1) * 5]);\n  }\n});",
              "err": {},
              "uuid": "e0426fc4-2a88-4d20-8e50-e67e87fed442",
              "parentUUID": "04f5709c-6047-473f-88aa-bbc16e3663a5",
              "isHook": false,
              "skipped": false
            },
            {
              "title": "Verifica se 40 pixels é o tamanho total do elemento, incluindo seu conteúdo e excluindo a borda preta, que deve ser criada à parte.",
              "fullTitle": "5 - Faça com que cada elemento do quadro de pixels possua 40 pixels de largura, 40 pixels de altura e seja delimitado por uma borda preta de 1 pixel. Verifica se 40 pixels é o tamanho total do elemento, incluindo seu conteúdo e excluindo a borda preta, que deve ser criada à parte.",
              "timedOut": null,
              "duration": 174,
              "state": "passed",
              "speed": "slow",
              "pass": true,
              "fail": false,
              "pending": false,
              "context": null,
              "code": "cy.get('.pixel').each(function (pixel) {\n  cy.wrap(pixel).should('have.css', 'height', '40px').and('have.css', 'width', '40px').and('have.css', 'border', \"1px solid \".concat(BLACK));\n});",
              "err": {},
              "uuid": "38ed44b3-1e9d-4206-bd4e-a293aa93b4ad",
              "parentUUID": "04f5709c-6047-473f-88aa-bbc16e3663a5",
              "isHook": false,
              "skipped": false
            }
          ],
          "suites": [],
          "passes": [
            "e0426fc4-2a88-4d20-8e50-e67e87fed442",
            "38ed44b3-1e9d-4206-bd4e-a293aa93b4ad"
          ],
          "failures": [],
          "pending": [],
          "skipped": [],
          "duration": 341,
          "root": false,
          "rootEmpty": false,
          "_timeout": 2000
        },
        {
          "uuid": "a4961d3d-d0cc-4d48-839b-de9c33ffffa6",
          "title": "6 - Defina a cor preta como cor inicial. Ao carregar a página a cor preta já deve estar selecionada para pintar os pixels",
          "fullFile": "",
          "file": "",
          "beforeHooks": [],
          "afterHooks": [],
          "tests": [
            {
              "title": "Verifica se o elemento da cor preta possui, inicialmente, a `classe` `selected`",
              "fullTitle": "6 - Defina a cor preta como cor inicial. Ao carregar a página a cor preta já deve estar selecionada para pintar os pixels Verifica se o elemento da cor preta possui, inicialmente, a `classe` `selected`",
              "timedOut": null,
              "duration": 79,
              "state": "passed",
              "speed": "slow",
              "pass": true,
              "fail": false,
              "pending": false,
              "context": null,
              "code": "cy.get('.selected').first().should('have.css', 'background-color', BLACK);",
              "err": {},
              "uuid": "790b174f-db86-4512-98fa-884fe6526296",
              "parentUUID": "a4961d3d-d0cc-4d48-839b-de9c33ffffa6",
              "isHook": false,
              "skipped": false
            },
            {
              "title": "Verifica se nenhuma outra cor da paleta tem a `classe` `selected`",
              "fullTitle": "6 - Defina a cor preta como cor inicial. Ao carregar a página a cor preta já deve estar selecionada para pintar os pixels Verifica se nenhuma outra cor da paleta tem a `classe` `selected`",
              "timedOut": null,
              "duration": 68,
              "state": "passed",
              "speed": "medium",
              "pass": true,
              "fail": false,
              "pending": false,
              "context": null,
              "code": "cy.get('.color:not(:first-child)').each(function (color) {\n  cy.wrap(color).should('not.have.class', 'selected');\n});",
              "err": {},
              "uuid": "fae8f30f-e614-48a4-bf8a-7a5c1e93110d",
              "parentUUID": "a4961d3d-d0cc-4d48-839b-de9c33ffffa6",
              "isHook": false,
              "skipped": false
            }
          ],
          "suites": [],
          "passes": [
            "790b174f-db86-4512-98fa-884fe6526296",
            "fae8f30f-e614-48a4-bf8a-7a5c1e93110d"
          ],
          "failures": [],
          "pending": [],
          "skipped": [],
          "duration": 147,
          "root": false,
          "rootEmpty": false,
          "_timeout": 2000
        },
        {
          "uuid": "c97d8455-1b67-416b-a88b-e1f08fc61c18",
          "title": "7 - Clicar em uma das cores da paleta, faz com que ela seja selecionada e utilizada para preencher os pixels no quadro.",
          "fullFile": "",
          "file": "",
          "beforeHooks": [],
          "afterHooks": [],
          "tests": [
            {
              "title": "Verifica se somente uma cor da paleta de cores tem a classe `selected` de cada vez",
              "fullTitle": "7 - Clicar em uma das cores da paleta, faz com que ela seja selecionada e utilizada para preencher os pixels no quadro. Verifica se somente uma cor da paleta de cores tem a classe `selected` de cada vez",
              "timedOut": null,
              "duration": 463,
              "state": "passed",
              "speed": "slow",
              "pass": true,
              "fail": false,
              "pending": false,
              "context": null,
              "code": "cy.get('.color').each(function (selectedColor, selectedColorIndex) {\n  cy.wrap(selectedColor).click();\n  cy.get('.color').each(function (color, colorIndex) {\n    if (colorIndex === selectedColorIndex) {\n      expect(color).to.have[\"class\"]('selected');\n    } else {\n      expect(color).not.to.have[\"class\"]('selected');\n    }\n  });\n});",
              "err": {},
              "uuid": "a9626771-afef-4ef1-a3ec-f3094903c3d5",
              "parentUUID": "c97d8455-1b67-416b-a88b-e1f08fc61c18",
              "isHook": false,
              "skipped": false
            },
            {
              "title": "Verifica se os pixels dentro do quadro não têm a classe `selected` quando são clicados",
              "fullTitle": "7 - Clicar em uma das cores da paleta, faz com que ela seja selecionada e utilizada para preencher os pixels no quadro. Verifica se os pixels dentro do quadro não têm a classe `selected` quando são clicados",
              "timedOut": null,
              "duration": 8818,
              "state": "passed",
              "speed": "slow",
              "pass": true,
              "fail": false,
              "pending": false,
              "context": null,
              "code": "cy.get('.color').each(function (color) {\n  var backgroundColor = color.css('background-color');\n  cy.wrap(color).click();\n  cy.get('.pixel').each(function (pixel) {\n    cy.wrap(pixel).click().should('not.have.class', 'selected');\n  });\n});",
              "err": {},
              "uuid": "8458262d-9fc0-4804-8f5e-42f2f9fd0f3d",
              "parentUUID": "c97d8455-1b67-416b-a88b-e1f08fc61c18",
              "isHook": false,
              "skipped": false
            }
          ],
          "suites": [],
          "passes": [
            "a9626771-afef-4ef1-a3ec-f3094903c3d5",
            "8458262d-9fc0-4804-8f5e-42f2f9fd0f3d"
          ],
          "failures": [],
          "pending": [],
          "skipped": [],
          "duration": 9281,
          "root": false,
          "rootEmpty": false,
          "_timeout": 2000
        },
        {
          "uuid": "644a2eed-44ff-41f8-b701-2fbbded4861c",
          "title": "8 - Clicar em um pixel dentro do quadro após selecionar uma cor na paleta, faz com que o pixel seja preenchido com a cor selecionada.",
          "fullFile": "",
          "file": "",
          "beforeHooks": [],
          "afterHooks": [],
          "tests": [
            {
              "title": "Verifica se ao carregar a página deve ser possível pintar os pixels de preto",
              "fullTitle": "8 - Clicar em um pixel dentro do quadro após selecionar uma cor na paleta, faz com que o pixel seja preenchido com a cor selecionada. Verifica se ao carregar a página deve ser possível pintar os pixels de preto",
              "timedOut": null,
              "duration": 2179,
              "state": "passed",
              "speed": "slow",
              "pass": true,
              "fail": false,
              "pending": false,
              "context": null,
              "code": "cy.get('.pixel').each(function (pixel) {\n  cy.wrap(pixel).click().should('have.css', 'background-color', BLACK);\n});",
              "err": {},
              "uuid": "6de16692-550d-4c40-b096-37e1a89da7eb",
              "parentUUID": "644a2eed-44ff-41f8-b701-2fbbded4861c",
              "isHook": false,
              "skipped": false
            },
            {
              "title": "Verifica se após selecionar uma outra cor na paleta, é possível pintar os pixels com essa cor",
              "fullTitle": "8 - Clicar em um pixel dentro do quadro após selecionar uma cor na paleta, faz com que o pixel seja preenchido com a cor selecionada. Verifica se após selecionar uma outra cor na paleta, é possível pintar os pixels com essa cor",
              "timedOut": null,
              "duration": 8767,
              "state": "passed",
              "speed": "slow",
              "pass": true,
              "fail": false,
              "pending": false,
              "context": null,
              "code": "cy.get('.color').each(function (color) {\n  var backgroundColor = color.css('background-color');\n  cy.wrap(color).click();\n  cy.get('.pixel').each(function (pixel) {\n    cy.wrap(pixel).click().should('have.css', 'background-color', backgroundColor);\n  });\n});",
              "err": {},
              "uuid": "2bb9a06e-6472-4ad9-b99f-73d53000a57f",
              "parentUUID": "644a2eed-44ff-41f8-b701-2fbbded4861c",
              "isHook": false,
              "skipped": false
            },
            {
              "title": "Verifica se somente o pixel que foi clicado foi preenchido com a cor selecionada, sem influenciar na cor dos demais pixels.",
              "fullTitle": "8 - Clicar em um pixel dentro do quadro após selecionar uma cor na paleta, faz com que o pixel seja preenchido com a cor selecionada. Verifica se somente o pixel que foi clicado foi preenchido com a cor selecionada, sem influenciar na cor dos demais pixels.",
              "timedOut": null,
              "duration": 1166,
              "state": "passed",
              "speed": "slow",
              "pass": true,
              "fail": false,
              "pending": false,
              "context": null,
              "code": "var colorToPixelIndexMap = {\n  0: 6,\n  1: 8,\n  2: 16,\n  3: 18\n};\ncy.get('.color').each(function (color, index) {\n  cy.wrap(color).click();\n  var backgroundColor = color.css('background-color');\n  var clickedPixelIndex = colorToPixelIndexMap[index];\n  cy.get('.pixel').eq(clickedPixelIndex).click();\n  cy.get('.pixel').eq(clickedPixelIndex - 1).should('not.have.css', 'background-color', backgroundColor);\n  cy.get('.pixel').eq(clickedPixelIndex + 1).should('not.have.css', 'background-color', backgroundColor);\n  cy.get('.pixel').eq(clickedPixelIndex - 5).should('not.have.css', 'background-color', backgroundColor);\n  cy.get('.pixel').eq(clickedPixelIndex + 5).should('not.have.css', 'background-color', backgroundColor);\n  cy.get('.pixel').eq(clickedPixelIndex - 6).should('not.have.css', 'background-color', backgroundColor);\n  cy.get('.pixel').eq(clickedPixelIndex - 4).should('not.have.css', 'background-color', backgroundColor);\n  cy.get('.pixel').eq(clickedPixelIndex + 4).should('not.have.css', 'background-color', backgroundColor);\n  cy.get('.pixel').eq(clickedPixelIndex + 6).should('not.have.css', 'background-color', backgroundColor);\n});",
              "err": {},
              "uuid": "6ec0690b-082e-4872-8f21-a380a5dba692",
              "parentUUID": "644a2eed-44ff-41f8-b701-2fbbded4861c",
              "isHook": false,
              "skipped": false
            }
          ],
          "suites": [],
          "passes": [
            "6de16692-550d-4c40-b096-37e1a89da7eb",
            "2bb9a06e-6472-4ad9-b99f-73d53000a57f",
            "6ec0690b-082e-4872-8f21-a380a5dba692"
          ],
          "failures": [],
          "pending": [],
          "skipped": [],
          "duration": 12112,
          "root": false,
          "rootEmpty": false,
          "_timeout": 2000
        },
        {
          "uuid": "97a7c45a-d178-4b54-a40e-1c7eb8dbfef6",
          "title": "9 - Crie um botão que, ao ser clicado, limpa o quadro preenchendo a cor de todos seus pixels com branco.",
          "fullFile": "",
          "file": "",
          "beforeHooks": [],
          "afterHooks": [],
          "tests": [
            {
              "title": "Verifica se o botão tem o `id` denominado `clear-board`",
              "fullTitle": "9 - Crie um botão que, ao ser clicado, limpa o quadro preenchendo a cor de todos seus pixels com branco. Verifica se o botão tem o `id` denominado `clear-board`",
              "timedOut": null,
              "duration": 92,
              "state": "passed",
              "speed": "slow",
              "pass": true,
              "fail": false,
              "pending": false,
              "context": null,
              "code": "cy.get('#clear-board').should('be.visible');",
              "err": {},
              "uuid": "e51e4be2-3deb-4f10-9c40-a59865c7f18c",
              "parentUUID": "97a7c45a-d178-4b54-a40e-1c7eb8dbfef6",
              "isHook": false,
              "skipped": false
            },
            {
              "title": "Verifica se o botão está posicionado entre a paleta de cores e o quadro de pixels",
              "fullTitle": "9 - Crie um botão que, ao ser clicado, limpa o quadro preenchendo a cor de todos seus pixels com branco. Verifica se o botão está posicionado entre a paleta de cores e o quadro de pixels",
              "timedOut": null,
              "duration": 90,
              "state": "passed",
              "speed": "slow",
              "pass": true,
              "fail": false,
              "pending": false,
              "context": null,
              "code": "cy.get('#color-palette').then(function (palette) {\n  cy.get('#clear-board').should('be.belowOf', palette);\n});\ncy.get('#clear-board').then(function (clearBtn) {\n  cy.get('#pixel-board').should('be.belowOf', clearBtn);\n});",
              "err": {},
              "uuid": "3a34695c-06e1-47db-a54c-435787980281",
              "parentUUID": "97a7c45a-d178-4b54-a40e-1c7eb8dbfef6",
              "isHook": false,
              "skipped": false
            },
            {
              "title": "Verifica se o texto do botão é 'Limpar'",
              "fullTitle": "9 - Crie um botão que, ao ser clicado, limpa o quadro preenchendo a cor de todos seus pixels com branco. Verifica se o texto do botão é 'Limpar'",
              "timedOut": null,
              "duration": 49,
              "state": "passed",
              "speed": "medium",
              "pass": true,
              "fail": false,
              "pending": false,
              "context": null,
              "code": "cy.get('#clear-board').should('contain.text', 'Limpar');",
              "err": {},
              "uuid": "2ee16859-ab88-4742-b9a7-42e027d09775",
              "parentUUID": "97a7c45a-d178-4b54-a40e-1c7eb8dbfef6",
              "isHook": false,
              "skipped": false
            },
            {
              "title": "Verifica se ao clicar no botão, o quadro de pixels é totalmente preenchido de branco",
              "fullTitle": "9 - Crie um botão que, ao ser clicado, limpa o quadro preenchendo a cor de todos seus pixels com branco. Verifica se ao clicar no botão, o quadro de pixels é totalmente preenchido de branco",
              "timedOut": null,
              "duration": 6198,
              "state": "failed",
              "speed": null,
              "pass": false,
              "fail": true,
              "pending": false,
              "context": null,
              "code": "cy.get('.color').eq(1).then(function (color) {\n  var backgroundColor = color.css('background-color');\n  cy.wrap(color).click();\n  cy.get('.pixel').each(function (pixel) {\n    cy.wrap(pixel).click().should('have.css', 'background-color', backgroundColor);\n  });\n});\ncy.get('#clear-board').click();\ncy.get('.pixel').each(function (pixel) {\n  cy.wrap(pixel).should('have.css', 'background-color', WHITE);\n});",
              "err": {
                "message": "CypressError: Timed out retrying: expected '<div.pixel>' to have CSS property 'background-color' with the value 'rgb(255, 255, 255)', but the value was 'rgb(255, 0, 0)'",
                "estack": "CypressError: Timed out retrying: expected '<div.pixel>' to have CSS property 'background-color' with the value 'rgb(255, 255, 255)', but the value was 'rgb(255, 0, 0)'\n    at cypressErr (http://localhost:33191/__cypress/runner/cypress_runner.js:149934:9)\n    at throwErr (http://localhost:33191/__cypress/runner/cypress_runner.js:149867:11)\n    at Object.throwErrByPath (http://localhost:33191/__cypress/runner/cypress_runner.js:149915:3)\n    at retry (http://localhost:33191/__cypress/runner/cypress_runner.js:144197:19)\n    at onFailFn (http://localhost:33191/__cypress/runner/cypress_runner.js:132448:16)\n    at tryCatcher (http://localhost:33191/__cypress/runner/cypress_runner.js:167415:23)\n    at Promise._settlePromiseFromHandler (http://localhost:33191/__cypress/runner/cypress_runner.js:165351:31)\n    at Promise._settlePromise (http://localhost:33191/__cypress/runner/cypress_runner.js:165408:18)\n    at Promise._settlePromise0 (http://localhost:33191/__cypress/runner/cypress_runner.js:165453:10)\n    at Promise._settlePromises (http://localhost:33191/__cypress/runner/cypress_runner.js:165528:18)\n    at Async../node_modules/bluebird/js/release/async.js.Async._drainQueue (http://localhost:33191/__cypress/runner/cypress_runner.js:162140:16)\n    at Async../node_modules/bluebird/js/release/async.js.Async._drainQueues (http://localhost:33191/__cypress/runner/cypress_runner.js:162150:10)\n    at Async.drainQueues (http://localhost:33191/__cypress/runner/cypress_runner.js:162024:14)",
                "diff": null
              },
              "uuid": "42537e48-153f-4a50-b328-c826f36956cd",
              "parentUUID": "97a7c45a-d178-4b54-a40e-1c7eb8dbfef6",
              "isHook": false,
              "skipped": false
            }
          ],
          "suites": [],
          "passes": [
            "e51e4be2-3deb-4f10-9c40-a59865c7f18c",
            "3a34695c-06e1-47db-a54c-435787980281",
            "2ee16859-ab88-4742-b9a7-42e027d09775"
          ],
          "failures": [
            "42537e48-153f-4a50-b328-c826f36956cd"
          ],
          "pending": [],
          "skipped": [],
          "duration": 6429,
          "root": false,
          "rootEmpty": false,
          "_timeout": 2000
        },
        {
          "uuid": "b7745662-f279-42a4-a7e0-a03362c9673d",
          "title": "10 - Faça o quadro de pixels ter seu tamanho definido pelo usuário.",
          "fullFile": "",
          "file": "",
          "beforeHooks": [],
          "afterHooks": [],
          "tests": [
            {
              "title": "Verifica se existe um input com o id `board-size`",
              "fullTitle": "10 - Faça o quadro de pixels ter seu tamanho definido pelo usuário. Verifica se existe um input com o id `board-size`",
              "timedOut": null,
              "duration": 4243,
              "state": "failed",
              "speed": null,
              "pass": false,
              "fail": true,
              "pending": false,
              "context": null,
              "code": "cy.get('#board-size').should('be.visible');",
              "err": {
                "message": "CypressError: Timed out retrying: Expected to find element: '#board-size', but never found it.",
                "estack": "CypressError: Timed out retrying: Expected to find element: '#board-size', but never found it.\n    at cypressErr (http://localhost:33191/__cypress/runner/cypress_runner.js:149934:9)\n    at throwErr (http://localhost:33191/__cypress/runner/cypress_runner.js:149867:11)\n    at Object.throwErrByPath (http://localhost:33191/__cypress/runner/cypress_runner.js:149915:3)\n    at retry (http://localhost:33191/__cypress/runner/cypress_runner.js:144197:19)\n    at onFailFn (http://localhost:33191/__cypress/runner/cypress_runner.js:132448:16)\n    at tryCatcher (http://localhost:33191/__cypress/runner/cypress_runner.js:167415:23)\n    at Promise._settlePromiseFromHandler (http://localhost:33191/__cypress/runner/cypress_runner.js:165351:31)\n    at Promise._settlePromise (http://localhost:33191/__cypress/runner/cypress_runner.js:165408:18)\n    at Promise._settlePromise0 (http://localhost:33191/__cypress/runner/cypress_runner.js:165453:10)\n    at Promise._settlePromises (http://localhost:33191/__cypress/runner/cypress_runner.js:165528:18)\n    at Async../node_modules/bluebird/js/release/async.js.Async._drainQueue (http://localhost:33191/__cypress/runner/cypress_runner.js:162140:16)\n    at Async../node_modules/bluebird/js/release/async.js.Async._drainQueues (http://localhost:33191/__cypress/runner/cypress_runner.js:162150:10)\n    at Async.drainQueues (http://localhost:33191/__cypress/runner/cypress_runner.js:162024:14)",
                "diff": null
              },
              "uuid": "8cb556c7-af1f-4a58-967f-1e51934ee426",
              "parentUUID": "b7745662-f279-42a4-a7e0-a03362c9673d",
              "isHook": false,
              "skipped": false
            },
            {
              "title": "Verifica se existe um botão com o id `generate-board`",
              "fullTitle": "10 - Faça o quadro de pixels ter seu tamanho definido pelo usuário. Verifica se existe um botão com o id `generate-board`",
              "timedOut": null,
              "duration": 4254,
              "state": "failed",
              "speed": null,
              "pass": false,
              "fail": true,
              "pending": false,
              "context": null,
              "code": "cy.get('#generate-board').should('be.visible');",
              "err": {
                "message": "CypressError: Timed out retrying: Expected to find element: '#generate-board', but never found it.",
                "estack": "CypressError: Timed out retrying: Expected to find element: '#generate-board', but never found it.\n    at cypressErr (http://localhost:33191/__cypress/runner/cypress_runner.js:149934:9)\n    at throwErr (http://localhost:33191/__cypress/runner/cypress_runner.js:149867:11)\n    at Object.throwErrByPath (http://localhost:33191/__cypress/runner/cypress_runner.js:149915:3)\n    at retry (http://localhost:33191/__cypress/runner/cypress_runner.js:144197:19)\n    at onFailFn (http://localhost:33191/__cypress/runner/cypress_runner.js:132448:16)\n    at tryCatcher (http://localhost:33191/__cypress/runner/cypress_runner.js:167415:23)\n    at Promise._settlePromiseFromHandler (http://localhost:33191/__cypress/runner/cypress_runner.js:165351:31)\n    at Promise._settlePromise (http://localhost:33191/__cypress/runner/cypress_runner.js:165408:18)\n    at Promise._settlePromise0 (http://localhost:33191/__cypress/runner/cypress_runner.js:165453:10)\n    at Promise._settlePromises (http://localhost:33191/__cypress/runner/cypress_runner.js:165528:18)\n    at Async../node_modules/bluebird/js/release/async.js.Async._drainQueue (http://localhost:33191/__cypress/runner/cypress_runner.js:162140:16)\n    at Async../node_modules/bluebird/js/release/async.js.Async._drainQueues (http://localhost:33191/__cypress/runner/cypress_runner.js:162150:10)\n    at Async.drainQueues (http://localhost:33191/__cypress/runner/cypress_runner.js:162024:14)",
                "diff": null
              },
              "uuid": "b2c0165a-4701-44f5-8f03-b34fa5f12c6c",
              "parentUUID": "b7745662-f279-42a4-a7e0-a03362c9673d",
              "isHook": false,
              "skipped": false
            },
            {
              "title": "Verifica se o input só aceita número maiores que zero. Essa restrição deve ser feita usando os atributos do elemento `input`",
              "fullTitle": "10 - Faça o quadro de pixels ter seu tamanho definido pelo usuário. Verifica se o input só aceita número maiores que zero. Essa restrição deve ser feita usando os atributos do elemento `input`",
              "timedOut": null,
              "duration": 4294,
              "state": "failed",
              "speed": null,
              "pass": false,
              "fail": true,
              "pending": false,
              "context": null,
              "code": "cy.get('#board-size[type=\\'number\\'][min=\\'1\\']');",
              "err": {
                "message": "CypressError: Timed out retrying: Expected to find element: '#board-size[type='number'][min='1']', but never found it.",
                "estack": "CypressError: Timed out retrying: Expected to find element: '#board-size[type='number'][min='1']', but never found it.\n    at cypressErr (http://localhost:33191/__cypress/runner/cypress_runner.js:149934:9)\n    at throwErr (http://localhost:33191/__cypress/runner/cypress_runner.js:149867:11)\n    at Object.throwErrByPath (http://localhost:33191/__cypress/runner/cypress_runner.js:149915:3)\n    at retry (http://localhost:33191/__cypress/runner/cypress_runner.js:144197:19)\n    at onFailFn (http://localhost:33191/__cypress/runner/cypress_runner.js:132448:16)\n    at tryCatcher (http://localhost:33191/__cypress/runner/cypress_runner.js:167415:23)\n    at Promise._settlePromiseFromHandler (http://localhost:33191/__cypress/runner/cypress_runner.js:165351:31)\n    at Promise._settlePromise (http://localhost:33191/__cypress/runner/cypress_runner.js:165408:18)\n    at Promise._settlePromise0 (http://localhost:33191/__cypress/runner/cypress_runner.js:165453:10)\n    at Promise._settlePromises (http://localhost:33191/__cypress/runner/cypress_runner.js:165528:18)\n    at Async../node_modules/bluebird/js/release/async.js.Async._drainQueue (http://localhost:33191/__cypress/runner/cypress_runner.js:162140:16)\n    at Async../node_modules/bluebird/js/release/async.js.Async._drainQueues (http://localhost:33191/__cypress/runner/cypress_runner.js:162150:10)\n    at Async.drainQueues (http://localhost:33191/__cypress/runner/cypress_runner.js:162024:14)",
                "diff": null
              },
              "uuid": "2dfe2dad-c2ce-4c97-9792-580eb71668d8",
              "parentUUID": "b7745662-f279-42a4-a7e0-a03362c9673d",
              "isHook": false,
              "skipped": false
            },
            {
              "title": "Verifica se o botão contém o texto 'VQV'",
              "fullTitle": "10 - Faça o quadro de pixels ter seu tamanho definido pelo usuário. Verifica se o botão contém o texto 'VQV'",
              "timedOut": null,
              "duration": 4299,
              "state": "failed",
              "speed": null,
              "pass": false,
              "fail": true,
              "pending": false,
              "context": null,
              "code": "cy.get('#generate-board').contains(/vqv/i);",
              "err": {
                "message": "CypressError: Timed out retrying: Expected to find element: '#generate-board', but never found it.",
                "estack": "CypressError: Timed out retrying: Expected to find element: '#generate-board', but never found it.\n    at cypressErr (http://localhost:33191/__cypress/runner/cypress_runner.js:149934:9)\n    at throwErr (http://localhost:33191/__cypress/runner/cypress_runner.js:149867:11)\n    at Object.throwErrByPath (http://localhost:33191/__cypress/runner/cypress_runner.js:149915:3)\n    at retry (http://localhost:33191/__cypress/runner/cypress_runner.js:144197:19)\n    at onFailFn (http://localhost:33191/__cypress/runner/cypress_runner.js:132448:16)\n    at tryCatcher (http://localhost:33191/__cypress/runner/cypress_runner.js:167415:23)\n    at Promise._settlePromiseFromHandler (http://localhost:33191/__cypress/runner/cypress_runner.js:165351:31)\n    at Promise._settlePromise (http://localhost:33191/__cypress/runner/cypress_runner.js:165408:18)\n    at Promise._settlePromise0 (http://localhost:33191/__cypress/runner/cypress_runner.js:165453:10)\n    at Promise._settlePromises (http://localhost:33191/__cypress/runner/cypress_runner.js:165528:18)\n    at Async../node_modules/bluebird/js/release/async.js.Async._drainQueue (http://localhost:33191/__cypress/runner/cypress_runner.js:162140:16)\n    at Async../node_modules/bluebird/js/release/async.js.Async._drainQueues (http://localhost:33191/__cypress/runner/cypress_runner.js:162150:10)\n    at Async.drainQueues (http://localhost:33191/__cypress/runner/cypress_runner.js:162024:14)",
                "diff": null
              },
              "uuid": "c36fe3f9-d625-474d-a956-2d0964067d2b",
              "parentUUID": "b7745662-f279-42a4-a7e0-a03362c9673d",
              "isHook": false,
              "skipped": false
            },
            {
              "title": "Verifica se o input está posicionado entre a paleta de cores e o quadro de pixels",
              "fullTitle": "10 - Faça o quadro de pixels ter seu tamanho definido pelo usuário. Verifica se o input está posicionado entre a paleta de cores e o quadro de pixels",
              "timedOut": null,
              "duration": 4227,
              "state": "failed",
              "speed": null,
              "pass": false,
              "fail": true,
              "pending": false,
              "context": null,
              "code": "cy.get('#color-palette').then(function (palette) {\n  cy.get('#board-size').should('be.belowOf', palette);\n});\ncy.get('#board-size').then(function (palette) {\n  cy.get('#pixel-board').should('be.belowOf', palette);\n});",
              "err": {
                "message": "CypressError: Timed out retrying: Expected to find element: '#board-size', but never found it.",
                "estack": "CypressError: Timed out retrying: Expected to find element: '#board-size', but never found it.\n    at cypressErr (http://localhost:33191/__cypress/runner/cypress_runner.js:149934:9)\n    at throwErr (http://localhost:33191/__cypress/runner/cypress_runner.js:149867:11)\n    at Object.throwErrByPath (http://localhost:33191/__cypress/runner/cypress_runner.js:149915:3)\n    at retry (http://localhost:33191/__cypress/runner/cypress_runner.js:144197:19)\n    at onFailFn (http://localhost:33191/__cypress/runner/cypress_runner.js:132448:16)\n    at tryCatcher (http://localhost:33191/__cypress/runner/cypress_runner.js:167415:23)\n    at Promise._settlePromiseFromHandler (http://localhost:33191/__cypress/runner/cypress_runner.js:165351:31)\n    at Promise._settlePromise (http://localhost:33191/__cypress/runner/cypress_runner.js:165408:18)\n    at Promise._settlePromise0 (http://localhost:33191/__cypress/runner/cypress_runner.js:165453:10)\n    at Promise._settlePromises (http://localhost:33191/__cypress/runner/cypress_runner.js:165528:18)\n    at Async../node_modules/bluebird/js/release/async.js.Async._drainQueue (http://localhost:33191/__cypress/runner/cypress_runner.js:162140:16)\n    at Async../node_modules/bluebird/js/release/async.js.Async._drainQueues (http://localhost:33191/__cypress/runner/cypress_runner.js:162150:10)\n    at Async.drainQueues (http://localhost:33191/__cypress/runner/cypress_runner.js:162024:14)",
                "diff": null
              },
              "uuid": "6d082a9a-47c4-4dc9-a839-bd23db515136",
              "parentUUID": "b7745662-f279-42a4-a7e0-a03362c9673d",
              "isHook": false,
              "skipped": false
            },
            {
              "title": "Verifica se o botão está posicionado ao lado do input",
              "fullTitle": "10 - Faça o quadro de pixels ter seu tamanho definido pelo usuário. Verifica se o botão está posicionado ao lado do input",
              "timedOut": null,
              "duration": 4396,
              "state": "failed",
              "speed": null,
              "pass": false,
              "fail": true,
              "pending": false,
              "context": null,
              "code": "cy.get('#board-size').then(function (board) {\n  cy.get('#generate-board').should('be.onTheRightOf', board);\n});",
              "err": {
                "message": "CypressError: Timed out retrying: Expected to find element: '#board-size', but never found it.",
                "estack": "CypressError: Timed out retrying: Expected to find element: '#board-size', but never found it.\n    at cypressErr (http://localhost:33191/__cypress/runner/cypress_runner.js:149934:9)\n    at throwErr (http://localhost:33191/__cypress/runner/cypress_runner.js:149867:11)\n    at Object.throwErrByPath (http://localhost:33191/__cypress/runner/cypress_runner.js:149915:3)\n    at retry (http://localhost:33191/__cypress/runner/cypress_runner.js:144197:19)\n    at onFailFn (http://localhost:33191/__cypress/runner/cypress_runner.js:132448:16)\n    at tryCatcher (http://localhost:33191/__cypress/runner/cypress_runner.js:167415:23)\n    at Promise._settlePromiseFromHandler (http://localhost:33191/__cypress/runner/cypress_runner.js:165351:31)\n    at Promise._settlePromise (http://localhost:33191/__cypress/runner/cypress_runner.js:165408:18)\n    at Promise._settlePromise0 (http://localhost:33191/__cypress/runner/cypress_runner.js:165453:10)\n    at Promise._settlePromises (http://localhost:33191/__cypress/runner/cypress_runner.js:165528:18)\n    at Async../node_modules/bluebird/js/release/async.js.Async._drainQueue (http://localhost:33191/__cypress/runner/cypress_runner.js:162140:16)\n    at Async../node_modules/bluebird/js/release/async.js.Async._drainQueues (http://localhost:33191/__cypress/runner/cypress_runner.js:162150:10)\n    at Async.drainQueues (http://localhost:33191/__cypress/runner/cypress_runner.js:162024:14)",
                "diff": null
              },
              "uuid": "9859734e-4e79-44c6-a41a-af99a6ccf8aa",
              "parentUUID": "b7745662-f279-42a4-a7e0-a03362c9673d",
              "isHook": false,
              "skipped": false
            },
            {
              "title": "Verifica se nenhum valor for colocado no input ao clicar no botão, um `alert` é exibido com o texto: 'Board inválido!'",
              "fullTitle": "10 - Faça o quadro de pixels ter seu tamanho definido pelo usuário. Verifica se nenhum valor for colocado no input ao clicar no botão, um `alert` é exibido com o texto: 'Board inválido!'",
              "timedOut": null,
              "duration": 4256,
              "state": "failed",
              "speed": null,
              "pass": false,
              "fail": true,
              "pending": false,
              "context": null,
              "code": "var alerted = false;\ncy.on('window:alert', function (msg) {\n  return alerted = msg;\n});\ncy.get('#generate-board').click().then(function () {\n  return expect(alerted).to.match(/Board inválido!/i);\n});",
              "err": {
                "message": "CypressError: Timed out retrying: Expected to find element: '#generate-board', but never found it.",
                "estack": "CypressError: Timed out retrying: Expected to find element: '#generate-board', but never found it.\n    at cypressErr (http://localhost:33191/__cypress/runner/cypress_runner.js:149934:9)\n    at throwErr (http://localhost:33191/__cypress/runner/cypress_runner.js:149867:11)\n    at Object.throwErrByPath (http://localhost:33191/__cypress/runner/cypress_runner.js:149915:3)\n    at retry (http://localhost:33191/__cypress/runner/cypress_runner.js:144197:19)\n    at onFailFn (http://localhost:33191/__cypress/runner/cypress_runner.js:132448:16)\n    at tryCatcher (http://localhost:33191/__cypress/runner/cypress_runner.js:167415:23)\n    at Promise._settlePromiseFromHandler (http://localhost:33191/__cypress/runner/cypress_runner.js:165351:31)\n    at Promise._settlePromise (http://localhost:33191/__cypress/runner/cypress_runner.js:165408:18)\n    at Promise._settlePromise0 (http://localhost:33191/__cypress/runner/cypress_runner.js:165453:10)\n    at Promise._settlePromises (http://localhost:33191/__cypress/runner/cypress_runner.js:165528:18)\n    at Async../node_modules/bluebird/js/release/async.js.Async._drainQueue (http://localhost:33191/__cypress/runner/cypress_runner.js:162140:16)\n    at Async../node_modules/bluebird/js/release/async.js.Async._drainQueues (http://localhost:33191/__cypress/runner/cypress_runner.js:162150:10)\n    at Async.drainQueues (http://localhost:33191/__cypress/runner/cypress_runner.js:162024:14)",
                "diff": null
              },
              "uuid": "b6eb61e4-55c5-442f-94f0-89ea1fc60f9e",
              "parentUUID": "b7745662-f279-42a4-a7e0-a03362c9673d",
              "isHook": false,
              "skipped": false
            },
            {
              "title": "Verifica se ao clicar no botão com um valor preenchido, o tamanho do board muda.",
              "fullTitle": "10 - Faça o quadro de pixels ter seu tamanho definido pelo usuário. Verifica se ao clicar no botão com um valor preenchido, o tamanho do board muda.",
              "timedOut": null,
              "duration": 4339,
              "state": "failed",
              "speed": null,
              "pass": false,
              "fail": true,
              "pending": false,
              "context": null,
              "code": "cy.get('#board-size').clear().type(10);\ncy.get('#generate-board').click();\ncy.get('.pixel').should('have.length', 100);",
              "err": {
                "message": "CypressError: Timed out retrying: Expected to find element: '#board-size', but never found it.",
                "estack": "CypressError: Timed out retrying: Expected to find element: '#board-size', but never found it.\n    at cypressErr (http://localhost:33191/__cypress/runner/cypress_runner.js:149934:9)\n    at throwErr (http://localhost:33191/__cypress/runner/cypress_runner.js:149867:11)\n    at Object.throwErrByPath (http://localhost:33191/__cypress/runner/cypress_runner.js:149915:3)\n    at retry (http://localhost:33191/__cypress/runner/cypress_runner.js:144197:19)\n    at onFailFn (http://localhost:33191/__cypress/runner/cypress_runner.js:132448:16)\n    at tryCatcher (http://localhost:33191/__cypress/runner/cypress_runner.js:167415:23)\n    at Promise._settlePromiseFromHandler (http://localhost:33191/__cypress/runner/cypress_runner.js:165351:31)\n    at Promise._settlePromise (http://localhost:33191/__cypress/runner/cypress_runner.js:165408:18)\n    at Promise._settlePromise0 (http://localhost:33191/__cypress/runner/cypress_runner.js:165453:10)\n    at Promise._settlePromises (http://localhost:33191/__cypress/runner/cypress_runner.js:165528:18)\n    at Async../node_modules/bluebird/js/release/async.js.Async._drainQueue (http://localhost:33191/__cypress/runner/cypress_runner.js:162140:16)\n    at Async../node_modules/bluebird/js/release/async.js.Async._drainQueues (http://localhost:33191/__cypress/runner/cypress_runner.js:162150:10)\n    at Async.drainQueues (http://localhost:33191/__cypress/runner/cypress_runner.js:162024:14)",
                "diff": null
              },
              "uuid": "75aa7abb-5e38-4810-ba9e-8a53988def63",
              "parentUUID": "b7745662-f279-42a4-a7e0-a03362c9673d",
              "isHook": false,
              "skipped": false
            },
            {
              "title": "Verifica se o novo quadro tem todos os pixels preenchidos com a cor branca",
              "fullTitle": "10 - Faça o quadro de pixels ter seu tamanho definido pelo usuário. Verifica se o novo quadro tem todos os pixels preenchidos com a cor branca",
              "timedOut": null,
              "duration": 4340,
              "state": "failed",
              "speed": null,
              "pass": false,
              "fail": true,
              "pending": false,
              "context": null,
              "code": "cy.get('#board-size').clear().type(6);\ncy.get('#generate-board').click();\ncy.get('.pixel').should('have.length', 36).each(function (pixel) {\n  expect(pixel).to.have.css('background-color', WHITE);\n});",
              "err": {
                "message": "CypressError: Timed out retrying: Expected to find element: '#board-size', but never found it.",
                "estack": "CypressError: Timed out retrying: Expected to find element: '#board-size', but never found it.\n    at cypressErr (http://localhost:33191/__cypress/runner/cypress_runner.js:149934:9)\n    at throwErr (http://localhost:33191/__cypress/runner/cypress_runner.js:149867:11)\n    at Object.throwErrByPath (http://localhost:33191/__cypress/runner/cypress_runner.js:149915:3)\n    at retry (http://localhost:33191/__cypress/runner/cypress_runner.js:144197:19)\n    at onFailFn (http://localhost:33191/__cypress/runner/cypress_runner.js:132448:16)\n    at tryCatcher (http://localhost:33191/__cypress/runner/cypress_runner.js:167415:23)\n    at Promise._settlePromiseFromHandler (http://localhost:33191/__cypress/runner/cypress_runner.js:165351:31)\n    at Promise._settlePromise (http://localhost:33191/__cypress/runner/cypress_runner.js:165408:18)\n    at Promise._settlePromise0 (http://localhost:33191/__cypress/runner/cypress_runner.js:165453:10)\n    at Promise._settlePromises (http://localhost:33191/__cypress/runner/cypress_runner.js:165528:18)\n    at Async../node_modules/bluebird/js/release/async.js.Async._drainQueue (http://localhost:33191/__cypress/runner/cypress_runner.js:162140:16)\n    at Async../node_modules/bluebird/js/release/async.js.Async._drainQueues (http://localhost:33191/__cypress/runner/cypress_runner.js:162150:10)\n    at Async.drainQueues (http://localhost:33191/__cypress/runner/cypress_runner.js:162024:14)",
                "diff": null
              },
              "uuid": "15f7b4f2-3b58-4c37-911d-d9b97020af55",
              "parentUUID": "b7745662-f279-42a4-a7e0-a03362c9673d",
              "isHook": false,
              "skipped": false
            }
          ],
          "suites": [],
          "passes": [],
          "failures": [
            "8cb556c7-af1f-4a58-967f-1e51934ee426",
            "b2c0165a-4701-44f5-8f03-b34fa5f12c6c",
            "2dfe2dad-c2ce-4c97-9792-580eb71668d8",
            "c36fe3f9-d625-474d-a956-2d0964067d2b",
            "6d082a9a-47c4-4dc9-a839-bd23db515136",
            "9859734e-4e79-44c6-a41a-af99a6ccf8aa",
            "b6eb61e4-55c5-442f-94f0-89ea1fc60f9e",
            "75aa7abb-5e38-4810-ba9e-8a53988def63",
            "15f7b4f2-3b58-4c37-911d-d9b97020af55"
          ],
          "pending": [],
          "skipped": [],
          "duration": 38648,
          "root": false,
          "rootEmpty": false,
          "_timeout": 2000
        },
        {
          "uuid": "72a79125-df38-42c3-9034-c93ce611deeb",
          "title": "11 - Limite o tamanho mínimo e máximo do board.",
          "fullFile": "",
          "file": "",
          "beforeHooks": [],
          "afterHooks": [],
          "tests": [
            {
              "title": "Verifica se a altura máxima do board é 50",
              "fullTitle": "11 - Limite o tamanho mínimo e máximo do board. Verifica se a altura máxima do board é 50",
              "timedOut": null,
              "duration": 4291,
              "state": "failed",
              "speed": null,
              "pass": false,
              "fail": true,
              "pending": false,
              "context": null,
              "code": "cy.get('#board-size').clear().type(50);\ncy.get('#generate-board').click();\ncy.get('.pixel').should('have.length', 2500);",
              "err": {
                "message": "CypressError: Timed out retrying: Expected to find element: '#board-size', but never found it.",
                "estack": "CypressError: Timed out retrying: Expected to find element: '#board-size', but never found it.\n    at cypressErr (http://localhost:33191/__cypress/runner/cypress_runner.js:149934:9)\n    at throwErr (http://localhost:33191/__cypress/runner/cypress_runner.js:149867:11)\n    at Object.throwErrByPath (http://localhost:33191/__cypress/runner/cypress_runner.js:149915:3)\n    at retry (http://localhost:33191/__cypress/runner/cypress_runner.js:144197:19)\n    at onFailFn (http://localhost:33191/__cypress/runner/cypress_runner.js:132448:16)\n    at tryCatcher (http://localhost:33191/__cypress/runner/cypress_runner.js:167415:23)\n    at Promise._settlePromiseFromHandler (http://localhost:33191/__cypress/runner/cypress_runner.js:165351:31)\n    at Promise._settlePromise (http://localhost:33191/__cypress/runner/cypress_runner.js:165408:18)\n    at Promise._settlePromise0 (http://localhost:33191/__cypress/runner/cypress_runner.js:165453:10)\n    at Promise._settlePromises (http://localhost:33191/__cypress/runner/cypress_runner.js:165528:18)\n    at Async../node_modules/bluebird/js/release/async.js.Async._drainQueue (http://localhost:33191/__cypress/runner/cypress_runner.js:162140:16)\n    at Async../node_modules/bluebird/js/release/async.js.Async._drainQueues (http://localhost:33191/__cypress/runner/cypress_runner.js:162150:10)\n    at Async.drainQueues (http://localhost:33191/__cypress/runner/cypress_runner.js:162024:14)",
                "diff": null
              },
              "uuid": "543ddbf9-6450-471e-a311-858c2e714a59",
              "parentUUID": "72a79125-df38-42c3-9034-c93ce611deeb",
              "isHook": false,
              "skipped": false
            },
            {
              "title": "Verifica se a altura do board é 5 quando um valor menor é colocado no input",
              "fullTitle": "11 - Limite o tamanho mínimo e máximo do board. Verifica se a altura do board é 5 quando um valor menor é colocado no input",
              "timedOut": null,
              "duration": 4290,
              "state": "failed",
              "speed": null,
              "pass": false,
              "fail": true,
              "pending": false,
              "context": null,
              "code": "cy.get('#board-size').clear().type(4);\ncy.get('#generate-board').click();\ncy.get('.pixel').should('have.length', 25);",
              "err": {
                "message": "CypressError: Timed out retrying: Expected to find element: '#board-size', but never found it.",
                "estack": "CypressError: Timed out retrying: Expected to find element: '#board-size', but never found it.\n    at cypressErr (http://localhost:33191/__cypress/runner/cypress_runner.js:149934:9)\n    at throwErr (http://localhost:33191/__cypress/runner/cypress_runner.js:149867:11)\n    at Object.throwErrByPath (http://localhost:33191/__cypress/runner/cypress_runner.js:149915:3)\n    at retry (http://localhost:33191/__cypress/runner/cypress_runner.js:144197:19)\n    at onFailFn (http://localhost:33191/__cypress/runner/cypress_runner.js:132448:16)\n    at tryCatcher (http://localhost:33191/__cypress/runner/cypress_runner.js:167415:23)\n    at Promise._settlePromiseFromHandler (http://localhost:33191/__cypress/runner/cypress_runner.js:165351:31)\n    at Promise._settlePromise (http://localhost:33191/__cypress/runner/cypress_runner.js:165408:18)\n    at Promise._settlePromise0 (http://localhost:33191/__cypress/runner/cypress_runner.js:165453:10)\n    at Promise._settlePromises (http://localhost:33191/__cypress/runner/cypress_runner.js:165528:18)\n    at Async../node_modules/bluebird/js/release/async.js.Async._drainQueue (http://localhost:33191/__cypress/runner/cypress_runner.js:162140:16)\n    at Async../node_modules/bluebird/js/release/async.js.Async._drainQueues (http://localhost:33191/__cypress/runner/cypress_runner.js:162150:10)\n    at Async.drainQueues (http://localhost:33191/__cypress/runner/cypress_runner.js:162024:14)",
                "diff": null
              },
              "uuid": "5c8a45e9-795a-47b5-a66d-487d2ceafd8e",
              "parentUUID": "72a79125-df38-42c3-9034-c93ce611deeb",
              "isHook": false,
              "skipped": false
            },
            {
              "title": "Verifica se a altura do board é 50 quando um valor maior é colocado no input",
              "fullTitle": "11 - Limite o tamanho mínimo e máximo do board. Verifica se a altura do board é 50 quando um valor maior é colocado no input",
              "timedOut": null,
              "duration": 4419,
              "state": "failed",
              "speed": null,
              "pass": false,
              "fail": true,
              "pending": false,
              "context": null,
              "code": "cy.get('#board-size').clear().type(51);\ncy.get('#generate-board').click();\ncy.get('.pixel').should('have.length', 2500);",
              "err": {
                "message": "CypressError: Timed out retrying: Expected to find element: '#board-size', but never found it.",
                "estack": "CypressError: Timed out retrying: Expected to find element: '#board-size', but never found it.\n    at cypressErr (http://localhost:33191/__cypress/runner/cypress_runner.js:149934:9)\n    at throwErr (http://localhost:33191/__cypress/runner/cypress_runner.js:149867:11)\n    at Object.throwErrByPath (http://localhost:33191/__cypress/runner/cypress_runner.js:149915:3)\n    at retry (http://localhost:33191/__cypress/runner/cypress_runner.js:144197:19)\n    at onFailFn (http://localhost:33191/__cypress/runner/cypress_runner.js:132448:16)\n    at tryCatcher (http://localhost:33191/__cypress/runner/cypress_runner.js:167415:23)\n    at Promise._settlePromiseFromHandler (http://localhost:33191/__cypress/runner/cypress_runner.js:165351:31)\n    at Promise._settlePromise (http://localhost:33191/__cypress/runner/cypress_runner.js:165408:18)\n    at Promise._settlePromise0 (http://localhost:33191/__cypress/runner/cypress_runner.js:165453:10)\n    at Promise._settlePromises (http://localhost:33191/__cypress/runner/cypress_runner.js:165528:18)\n    at Async../node_modules/bluebird/js/release/async.js.Async._drainQueue (http://localhost:33191/__cypress/runner/cypress_runner.js:162140:16)\n    at Async../node_modules/bluebird/js/release/async.js.Async._drainQueues (http://localhost:33191/__cypress/runner/cypress_runner.js:162150:10)\n    at Async.drainQueues (http://localhost:33191/__cypress/runner/cypress_runner.js:162024:14)",
                "diff": null
              },
              "uuid": "d87636f7-9f56-4559-9fcd-e29121269917",
              "parentUUID": "72a79125-df38-42c3-9034-c93ce611deeb",
              "isHook": false,
              "skipped": false
            }
          ],
          "suites": [],
          "passes": [],
          "failures": [
            "543ddbf9-6450-471e-a311-858c2e714a59",
            "5c8a45e9-795a-47b5-a66d-487d2ceafd8e",
            "d87636f7-9f56-4559-9fcd-e29121269917"
          ],
          "pending": [],
          "skipped": [],
          "duration": 13000,
          "root": false,
          "rootEmpty": false,
          "_timeout": 2000
        },
        {
          "uuid": "83b48e7f-13c2-460d-9919-b66f360b2e95",
          "title": "12 - Faça com que as cores da paleta sejam geradas aleatoriamente ao carregar a página.",
          "fullFile": "",
          "file": "",
          "beforeHooks": [],
          "afterHooks": [],
          "tests": [
            {
              "title": "Verifica se as cores geradas na paleta são diferentes a cada carregamento da página",
              "fullTitle": "12 - Faça com que as cores da paleta sejam geradas aleatoriamente ao carregar a página. Verifica se as cores geradas na paleta são diferentes a cada carregamento da página",
              "timedOut": null,
              "duration": 361,
              "state": "failed",
              "speed": null,
              "pass": false,
              "fail": true,
              "pending": false,
              "context": null,
              "code": "cy.get('.color').then(function (colors) {\n  var currentColors;\n  var previousColors;\n  previousColors = Array.from(colors).map(function (color) {\n    return Cypress.$(color).css('background-color');\n  });\n  for (var i = 0; i < 5; i += 1) {\n    cy.reload();\n    cy.get('.color').then(function (colors) {\n      currentColors = Array.from(colors).map(function (color) {\n        return Cypress.$(color).css('background-color');\n      });\n      expect(currentColors).not.to.deep.equal(previousColors);\n      previousColors = currentColors;\n    });\n  }\n});",
              "err": {
                "message": "AssertionError: expected [ Array(4) ] to not deeply equal [ Array(4) ]",
                "estack": "AssertionError: expected [ Array(4) ] to not deeply equal [ Array(4) ]\n    at getRet (http://localhost:33191/__cypress/runner/cypress_runner.js:136585:16)\n    at tryCatcher (http://localhost:33191/__cypress/runner/cypress_runner.js:167415:23)\n    at Function.Promise.attempt.Promise.try (http://localhost:33191/__cypress/runner/cypress_runner.js:164690:29)\n    at Context.thenFn (http://localhost:33191/__cypress/runner/cypress_runner.js:136599:23)\n    at Context.then (http://localhost:33191/__cypress/runner/cypress_runner.js:136971:21)\n    at Context.<anonymous> (http://localhost:33191/__cypress/runner/cypress_runner.js:148875:21)\n    at http://localhost:33191/__cypress/runner/cypress_runner.js:148351:33\n    at tryCatcher (http://localhost:33191/__cypress/runner/cypress_runner.js:167415:23)\n    at Promise._settlePromiseFromHandler (http://localhost:33191/__cypress/runner/cypress_runner.js:165351:31)\n    at Promise._settlePromise (http://localhost:33191/__cypress/runner/cypress_runner.js:165408:18)\n    at Promise._settlePromiseCtx (http://localhost:33191/__cypress/runner/cypress_runner.js:165445:10)\n    at Async../node_modules/bluebird/js/release/async.js.Async._drainQueue (http://localhost:33191/__cypress/runner/cypress_runner.js:162145:12)\n    at Async../node_modules/bluebird/js/release/async.js.Async._drainQueues (http://localhost:33191/__cypress/runner/cypress_runner.js:162150:10)\n    at Async.drainQueues (http://localhost:33191/__cypress/runner/cypress_runner.js:162024:14)",
                "diff": ""
              },
              "uuid": "aeb0150e-7e96-4484-a426-97494ae8a9f5",
              "parentUUID": "83b48e7f-13c2-460d-9919-b66f360b2e95",
              "isHook": false,
              "skipped": false
            },
            {
              "title": "Verifica se a cor preta ainda está presente e é a primeira na sua paleta de cores",
              "fullTitle": "12 - Faça com que as cores da paleta sejam geradas aleatoriamente ao carregar a página. Verifica se a cor preta ainda está presente e é a primeira na sua paleta de cores",
              "timedOut": null,
              "duration": 331,
              "state": "failed",
              "speed": null,
              "pass": false,
              "fail": true,
              "pending": false,
              "context": null,
              "code": "cy.get('.color').then(function (colors) {\n  var currentColors;\n  var previousColors;\n  previousColors = Array.from(colors).map(function (color) {\n    return Cypress.$(color).css('background-color');\n  });\n  expect(previousColors[0]).to.eq(BLACK);\n  for (var i = 0; i < 5; i += 1) {\n    cy.reload();\n    cy.get('.color').then(function (colors) {\n      currentColors = Array.from(colors).map(function (color) {\n        return Cypress.$(color).css('background-color');\n      });\n      expect(currentColors[0]).to.eq(BLACK);\n      expect(currentColors).not.to.deep.equal(previousColors);\n      previousColors = currentColors;\n    });\n  }\n});",
              "err": {
                "message": "AssertionError: expected [ Array(4) ] to not deeply equal [ Array(4) ]",
                "estack": "AssertionError: expected [ Array(4) ] to not deeply equal [ Array(4) ]\n    at getRet (http://localhost:33191/__cypress/runner/cypress_runner.js:136585:16)\n    at tryCatcher (http://localhost:33191/__cypress/runner/cypress_runner.js:167415:23)\n    at Function.Promise.attempt.Promise.try (http://localhost:33191/__cypress/runner/cypress_runner.js:164690:29)\n    at Context.thenFn (http://localhost:33191/__cypress/runner/cypress_runner.js:136599:23)\n    at Context.then (http://localhost:33191/__cypress/runner/cypress_runner.js:136971:21)\n    at Context.<anonymous> (http://localhost:33191/__cypress/runner/cypress_runner.js:148875:21)\n    at http://localhost:33191/__cypress/runner/cypress_runner.js:148351:33\n    at tryCatcher (http://localhost:33191/__cypress/runner/cypress_runner.js:167415:23)\n    at Promise._settlePromiseFromHandler (http://localhost:33191/__cypress/runner/cypress_runner.js:165351:31)\n    at Promise._settlePromise (http://localhost:33191/__cypress/runner/cypress_runner.js:165408:18)\n    at Promise._settlePromiseCtx (http://localhost:33191/__cypress/runner/cypress_runner.js:165445:10)\n    at Async../node_modules/bluebird/js/release/async.js.Async._drainQueue (http://localhost:33191/__cypress/runner/cypress_runner.js:162145:12)\n    at Async../node_modules/bluebird/js/release/async.js.Async._drainQueues (http://localhost:33191/__cypress/runner/cypress_runner.js:162150:10)\n    at Async.drainQueues (http://localhost:33191/__cypress/runner/cypress_runner.js:162024:14)",
                "diff": ""
              },
              "uuid": "63feb0b5-b71f-4ad3-b4bb-72f34013b28a",
              "parentUUID": "83b48e7f-13c2-460d-9919-b66f360b2e95",
              "isHook": false,
              "skipped": false
            }
          ],
          "suites": [],
          "passes": [],
          "failures": [
            "aeb0150e-7e96-4484-a426-97494ae8a9f5",
            "63feb0b5-b71f-4ad3-b4bb-72f34013b28a"
          ],
          "pending": [],
          "skipped": [],
          "duration": 692,
          "root": false,
          "rootEmpty": false,
          "_timeout": 2000
        }
      ],
      "passes": [],
      "failures": [],
      "pending": [],
      "skipped": [],
      "duration": 0,
      "root": true,
      "rootEmpty": true,
      "_timeout": 2000
    }
  ],
  "meta": {
    "mocha": {
      "version": "7.0.1"
    },
    "mochawesome": {
      "options": {
        "quiet": false,
        "reportFilename": "mochawesome",
        "saveHtml": false,
        "saveJson": true,
        "consoleReporter": "spec",
        "useInlineDiffs": false
      },
      "version": "4.1.0"
    },
    "marge": {
      "options": {
        "id": "default",
        "reportDir": "cypress/reports",
        "overwrite": true,
        "html": false,
        "json": true
      },
      "version": "4.1.0"
    }
  }
}