{
  "stats": {
    "suites": 12,
    "tests": 41,
    "passes": 17,
    "pending": 0,
    "failures": 24,
    "start": "2022-02-16T14:57:16.315Z",
    "end": "2022-02-16T14:58:55.010Z",
    "duration": 98695,
    "testsRegistered": 41,
    "passPercent": 41.46341463414634,
    "pendingPercent": 0,
    "other": 0,
    "hasOther": false,
    "skipped": 0,
    "hasSkipped": false
  },
  "results": [
    {
      "uuid": "f3286202-93e4-421b-8064-54f4d4bb3719",
      "title": "",
      "fullFile": "cypress/integration/project.spec.js",
      "file": "cypress/integration/project.spec.js",
      "beforeHooks": [],
      "afterHooks": [],
      "tests": [],
      "suites": [
        {
          "uuid": "f657116d-5f86-46cf-b09f-d884b339af36",
          "title": "1 - Adicione à página o título \"Paleta de Cores\".",
          "fullFile": "",
          "file": "",
          "beforeHooks": [],
          "afterHooks": [],
          "tests": [
            {
              "title": "Verifica se contém um elemento `h1` com o id `title` com o título correto",
              "fullTitle": "1 - Adicione à página o título \"Paleta de Cores\". Verifica se contém um elemento `h1` com o id `title` com o título correto",
              "timedOut": null,
              "duration": 266,
              "state": "passed",
              "speed": "slow",
              "pass": true,
              "fail": false,
              "pending": false,
              "context": null,
              "code": "cy.get('h1#title').should('contain.text', 'Paleta de Cores');",
              "err": {},
              "uuid": "ad70ebb7-1356-4071-95a2-a1b76f0fde53",
              "parentUUID": "f657116d-5f86-46cf-b09f-d884b339af36",
              "isHook": false,
              "skipped": false
            }
          ],
          "suites": [],
          "passes": [
            "ad70ebb7-1356-4071-95a2-a1b76f0fde53"
          ],
          "failures": [],
          "pending": [],
          "skipped": [],
          "duration": 266,
          "root": false,
          "rootEmpty": false,
          "_timeout": 2000
        },
        {
          "uuid": "ee5071b2-91d9-46df-a1ab-04adf38f3744",
          "title": "2 - Adicione à página uma paleta de quatro cores distintas.",
          "fullFile": "",
          "file": "",
          "beforeHooks": [],
          "afterHooks": [],
          "tests": [
            {
              "title": "A paleta de cores deve ser um elemento com `id` denominado `color-palette` e ter mais de 0px de altura e de largura.",
              "fullTitle": "2 - Adicione à página uma paleta de quatro cores distintas. A paleta de cores deve ser um elemento com `id` denominado `color-palette` e ter mais de 0px de altura e de largura.",
              "timedOut": null,
              "duration": 77,
              "state": "passed",
              "speed": "slow",
              "pass": true,
              "fail": false,
              "pending": false,
              "context": null,
              "code": "cy.get('#color-palette').should('be.visible');\ncy.get('#color-palette').children('.color');",
              "err": {},
              "uuid": "fc2c2b59-494e-4839-b3e7-b1016945626a",
              "parentUUID": "ee5071b2-91d9-46df-a1ab-04adf38f3744",
              "isHook": false,
              "skipped": false
            },
            {
              "title": "Verifica se cada cor individual da paleta de cores possui a `classe` chamada `color`.",
              "fullTitle": "2 - Adicione à página uma paleta de quatro cores distintas. Verifica se cada cor individual da paleta de cores possui a `classe` chamada `color`.",
              "timedOut": null,
              "duration": 91,
              "state": "passed",
              "speed": "slow",
              "pass": true,
              "fail": false,
              "pending": false,
              "context": null,
              "code": "cy.get('.color').should('have.length', 4).then(function (colors) {\n  for (var i = 0; i < colors.length; i++) {\n    cy.wrap(colors[i]).should('be.visible');\n  }\n});",
              "err": {},
              "uuid": "dbdfe140-ecdb-4c36-9629-b55122dcc94b",
              "parentUUID": "ee5071b2-91d9-46df-a1ab-04adf38f3744",
              "isHook": false,
              "skipped": false
            },
            {
              "title": "Verifica se a cor de fundo de cada elemento da paleta é a cor que o elemento representa. **A única cor não permitida na paleta é a cor branca.**",
              "fullTitle": "2 - Adicione à página uma paleta de quatro cores distintas. Verifica se a cor de fundo de cada elemento da paleta é a cor que o elemento representa. **A única cor não permitida na paleta é a cor branca.**",
              "timedOut": null,
              "duration": 104,
              "state": "passed",
              "speed": "slow",
              "pass": true,
              "fail": false,
              "pending": false,
              "context": null,
              "code": "cy.get('.color').each(function (color) {\n  cy.wrap(color).should('have.class', 'color').and('not.have.css', 'background-color', WHITE);\n  cy.wrap(color).should('have.css', 'background-color');\n});",
              "err": {},
              "uuid": "4557ca8b-d644-4c13-9036-31ccc171142c",
              "parentUUID": "ee5071b2-91d9-46df-a1ab-04adf38f3744",
              "isHook": false,
              "skipped": false
            },
            {
              "title": "Verifica se cada elemento da paleta de cores tem uma borda preta, sólida e com 1 pixel de largura;",
              "fullTitle": "2 - Adicione à página uma paleta de quatro cores distintas. Verifica se cada elemento da paleta de cores tem uma borda preta, sólida e com 1 pixel de largura;",
              "timedOut": null,
              "duration": 83,
              "state": "passed",
              "speed": "slow",
              "pass": true,
              "fail": false,
              "pending": false,
              "context": null,
              "code": "cy.get('.color').each(function (color) {\n  cy.wrap(color).and('have.css', 'border', \"1px solid \".concat(BLACK)).and('have.class', 'color');\n});",
              "err": {},
              "uuid": "3b9f2271-7004-472a-b3fb-6e94b6e37deb",
              "parentUUID": "ee5071b2-91d9-46df-a1ab-04adf38f3744",
              "isHook": false,
              "skipped": false
            },
            {
              "title": "Verifica se a paleta lista todas as cores disponíveis para utilização, lado a lado.",
              "fullTitle": "2 - Adicione à página uma paleta de quatro cores distintas. Verifica se a paleta lista todas as cores disponíveis para utilização, lado a lado.",
              "timedOut": null,
              "duration": 87,
              "state": "passed",
              "speed": "slow",
              "pass": true,
              "fail": false,
              "pending": false,
              "context": null,
              "code": "cy.get('.color').then(function (colors) {\n  for (var index = 1; index < colors.length; index += 1) {\n    var currentColor = colors[index];\n    var previousColor = colors[index - 1];\n    cy.wrap(currentColor).should('be.onTheRightOf', previousColor).and('be.horizontallyAlignedWith', previousColor);\n  }\n});",
              "err": {},
              "uuid": "68a7b41d-886b-427f-b36a-b93eb065538e",
              "parentUUID": "ee5071b2-91d9-46df-a1ab-04adf38f3744",
              "isHook": false,
              "skipped": false
            },
            {
              "title": "Verifica se a paleta de cores está posicionada abaixo do título 'Paleta de Cores'",
              "fullTitle": "2 - Adicione à página uma paleta de quatro cores distintas. Verifica se a paleta de cores está posicionada abaixo do título 'Paleta de Cores'",
              "timedOut": null,
              "duration": 360,
              "state": "passed",
              "speed": "slow",
              "pass": true,
              "fail": false,
              "pending": false,
              "context": null,
              "code": "cy.get('h1#title').then(function (title) {\n  cy.get('#color-palette').should('be.belowOf', title);\n});",
              "err": {},
              "uuid": "46ad384a-8a19-41e4-8820-5dd28ba82eb8",
              "parentUUID": "ee5071b2-91d9-46df-a1ab-04adf38f3744",
              "isHook": false,
              "skipped": false
            },
            {
              "title": "Verifica se a paleta de cores não contém cores repetidas.",
              "fullTitle": "2 - Adicione à página uma paleta de quatro cores distintas. Verifica se a paleta de cores não contém cores repetidas.",
              "timedOut": null,
              "duration": 104,
              "state": "passed",
              "speed": "slow",
              "pass": true,
              "fail": false,
              "pending": false,
              "context": null,
              "code": "cy.get('.color').then(function (colors) {\n  var allColors = Array.from(colors).map(function (color) {\n    return Cypress.$(color).css('background-color');\n  });\n  cy.log(allColors);\n  var uniqColors = (0, _toConsumableArray2[\"default\"])(new Set(allColors));\n  cy.log(uniqColors);\n  expect(allColors.length).to.eq(uniqColors.length);\n});",
              "err": {},
              "uuid": "123feff4-5adf-4276-926b-f22684bd1560",
              "parentUUID": "ee5071b2-91d9-46df-a1ab-04adf38f3744",
              "isHook": false,
              "skipped": false
            }
          ],
          "suites": [],
          "passes": [
            "fc2c2b59-494e-4839-b3e7-b1016945626a",
            "dbdfe140-ecdb-4c36-9629-b55122dcc94b",
            "4557ca8b-d644-4c13-9036-31ccc171142c",
            "3b9f2271-7004-472a-b3fb-6e94b6e37deb",
            "68a7b41d-886b-427f-b36a-b93eb065538e",
            "46ad384a-8a19-41e4-8820-5dd28ba82eb8",
            "123feff4-5adf-4276-926b-f22684bd1560"
          ],
          "failures": [],
          "pending": [],
          "skipped": [],
          "duration": 906,
          "root": false,
          "rootEmpty": false,
          "_timeout": 2000
        },
        {
          "uuid": "b4536d9b-68f4-45d5-b8bc-331f018d1b94",
          "title": "3 - Adicione a cor **preta** como a primeira cor da paleta de cores.",
          "fullFile": "",
          "file": "",
          "beforeHooks": [],
          "afterHooks": [],
          "tests": [
            {
              "title": "Verifica se a primeira cor da paleta é preta",
              "fullTitle": "3 - Adicione a cor **preta** como a primeira cor da paleta de cores. Verifica se a primeira cor da paleta é preta",
              "timedOut": null,
              "duration": 66,
              "state": "passed",
              "speed": "medium",
              "pass": true,
              "fail": false,
              "pending": false,
              "context": null,
              "code": "cy.get('.color').first().should('have.css', 'background-color', BLACK);",
              "err": {},
              "uuid": "a36cc6cd-e13d-4bf0-af0c-7e54331abad3",
              "parentUUID": "b4536d9b-68f4-45d5-b8bc-331f018d1b94",
              "isHook": false,
              "skipped": false
            },
            {
              "title": "Verifica se as demais cores podem ser escolhidas livremente.",
              "fullTitle": "3 - Adicione a cor **preta** como a primeira cor da paleta de cores. Verifica se as demais cores podem ser escolhidas livremente.",
              "timedOut": null,
              "duration": 125,
              "state": "passed",
              "speed": "slow",
              "pass": true,
              "fail": false,
              "pending": false,
              "context": null,
              "code": "cy.get('.color').eq(1).should('not.have.css', 'background-color', BLACK);\ncy.get('.color').eq(1).should('not.have.css', 'background-color', WHITE);\ncy.get('.color').eq(1).should('not.have.css', 'background-color', 'rgba(0, 0, 0, 0)');\ncy.get('.color').eq(1).should('have.css', 'background-color');\ncy.get('.color').eq(2).should('not.have.css', 'background-color', BLACK);\ncy.get('.color').eq(2).should('not.have.css', 'background-color', WHITE);\ncy.get('.color').eq(2).should('not.have.css', 'background-color', 'rgba(0, 0, 0, 0)');\ncy.get('.color').eq(2).should('have.css', 'background-color');\ncy.get('.color').eq(3).should('not.have.css', 'background-color', BLACK);\ncy.get('.color').eq(3).should('not.have.css', 'background-color', WHITE);\ncy.get('.color').eq(3).should('not.have.css', 'background-color', 'rgba(0, 0, 0, 0)');\ncy.get('.color').eq(3).should('have.css', 'background-color');",
              "err": {},
              "uuid": "d809a038-92c2-4eb9-8bf2-8a7c1b391f28",
              "parentUUID": "b4536d9b-68f4-45d5-b8bc-331f018d1b94",
              "isHook": false,
              "skipped": false
            }
          ],
          "suites": [],
          "passes": [
            "a36cc6cd-e13d-4bf0-af0c-7e54331abad3",
            "d809a038-92c2-4eb9-8bf2-8a7c1b391f28"
          ],
          "failures": [],
          "pending": [],
          "skipped": [],
          "duration": 191,
          "root": false,
          "rootEmpty": false,
          "_timeout": 2000
        },
        {
          "uuid": "0f7e435c-2a72-4295-b0b3-dd549c7d7de1",
          "title": "4 - Adicione à página um quadro de pixels, com 25 pixels.",
          "fullFile": "",
          "file": "",
          "beforeHooks": [],
          "afterHooks": [],
          "tests": [
            {
              "title": "Verifica se o quadro de pixels possui o `id` denominado `pixel-board`",
              "fullTitle": "4 - Adicione à página um quadro de pixels, com 25 pixels. Verifica se o quadro de pixels possui o `id` denominado `pixel-board`",
              "timedOut": null,
              "duration": 4378,
              "state": "failed",
              "speed": null,
              "pass": false,
              "fail": true,
              "pending": false,
              "context": null,
              "code": "cy.get('#pixel-board').should('be.visible');",
              "err": {
                "message": "CypressError: Timed out retrying: expected '<section#pixel-board>' to be 'visible'\n\nThis element '<section#pixel-board>' is not visible because it has an effective width and height of: '270 x 0' pixels.",
                "estack": "CypressError: Timed out retrying: expected '<section#pixel-board>' to be 'visible'\n\nThis element '<section#pixel-board>' is not visible because it has an effective width and height of: '270 x 0' pixels.\n    at cypressErr (http://localhost:42763/__cypress/runner/cypress_runner.js:149934:9)\n    at throwErr (http://localhost:42763/__cypress/runner/cypress_runner.js:149867:11)\n    at Object.throwErrByPath (http://localhost:42763/__cypress/runner/cypress_runner.js:149915:3)\n    at retry (http://localhost:42763/__cypress/runner/cypress_runner.js:144197:19)\n    at onFailFn (http://localhost:42763/__cypress/runner/cypress_runner.js:132448:16)\n    at tryCatcher (http://localhost:42763/__cypress/runner/cypress_runner.js:167415:23)\n    at Promise._settlePromiseFromHandler (http://localhost:42763/__cypress/runner/cypress_runner.js:165351:31)\n    at Promise._settlePromise (http://localhost:42763/__cypress/runner/cypress_runner.js:165408:18)\n    at Promise._settlePromise0 (http://localhost:42763/__cypress/runner/cypress_runner.js:165453:10)\n    at Promise._settlePromises (http://localhost:42763/__cypress/runner/cypress_runner.js:165528:18)\n    at Async../node_modules/bluebird/js/release/async.js.Async._drainQueue (http://localhost:42763/__cypress/runner/cypress_runner.js:162140:16)\n    at Async../node_modules/bluebird/js/release/async.js.Async._drainQueues (http://localhost:42763/__cypress/runner/cypress_runner.js:162150:10)\n    at Async.drainQueues (http://localhost:42763/__cypress/runner/cypress_runner.js:162024:14)",
                "diff": null
              },
              "uuid": "203b9b0a-a4cb-4aa0-b1cc-f9e42d969db7",
              "parentUUID": "0f7e435c-2a72-4295-b0b3-dd549c7d7de1",
              "isHook": false,
              "skipped": false
            },
            {
              "title": "Verifica se cada pixel individual dentro do quadro possui a `classe` denominada `pixel`.",
              "fullTitle": "4 - Adicione à página um quadro de pixels, com 25 pixels. Verifica se cada pixel individual dentro do quadro possui a `classe` denominada `pixel`.",
              "timedOut": null,
              "duration": 4230,
              "state": "failed",
              "speed": null,
              "pass": false,
              "fail": true,
              "pending": false,
              "context": null,
              "code": "cy.get('.pixel').should('have.length', 25);",
              "err": {
                "message": "CypressError: Timed out retrying: Expected to find element: '.pixel', but never found it.",
                "estack": "CypressError: Timed out retrying: Expected to find element: '.pixel', but never found it.\n    at cypressErr (http://localhost:42763/__cypress/runner/cypress_runner.js:149934:9)\n    at throwErr (http://localhost:42763/__cypress/runner/cypress_runner.js:149867:11)\n    at Object.throwErrByPath (http://localhost:42763/__cypress/runner/cypress_runner.js:149915:3)\n    at retry (http://localhost:42763/__cypress/runner/cypress_runner.js:144197:19)\n    at onFailFn (http://localhost:42763/__cypress/runner/cypress_runner.js:132448:16)\n    at tryCatcher (http://localhost:42763/__cypress/runner/cypress_runner.js:167415:23)\n    at Promise._settlePromiseFromHandler (http://localhost:42763/__cypress/runner/cypress_runner.js:165351:31)\n    at Promise._settlePromise (http://localhost:42763/__cypress/runner/cypress_runner.js:165408:18)\n    at Promise._settlePromise0 (http://localhost:42763/__cypress/runner/cypress_runner.js:165453:10)\n    at Promise._settlePromises (http://localhost:42763/__cypress/runner/cypress_runner.js:165528:18)\n    at Async../node_modules/bluebird/js/release/async.js.Async._drainQueue (http://localhost:42763/__cypress/runner/cypress_runner.js:162140:16)\n    at Async../node_modules/bluebird/js/release/async.js.Async._drainQueues (http://localhost:42763/__cypress/runner/cypress_runner.js:162150:10)\n    at Async.drainQueues (http://localhost:42763/__cypress/runner/cypress_runner.js:162024:14)",
                "diff": null
              },
              "uuid": "bb241d21-3fbf-481a-84cf-c3016a875c23",
              "parentUUID": "0f7e435c-2a72-4295-b0b3-dd549c7d7de1",
              "isHook": false,
              "skipped": false
            },
            {
              "title": "Verifica se a cor inicial dos pixels dentro do quadro, ao abrir a página, é branca.",
              "fullTitle": "4 - Adicione à página um quadro de pixels, com 25 pixels. Verifica se a cor inicial dos pixels dentro do quadro, ao abrir a página, é branca.",
              "timedOut": null,
              "duration": 4235,
              "state": "failed",
              "speed": null,
              "pass": false,
              "fail": true,
              "pending": false,
              "context": null,
              "code": "cy.get('.pixel').should('have.length', 25).each(function (pixel) {\n  expect(pixel).to.have.css('background-color', WHITE);\n});",
              "err": {
                "message": "CypressError: Timed out retrying: Expected to find element: '.pixel', but never found it.",
                "estack": "CypressError: Timed out retrying: Expected to find element: '.pixel', but never found it.\n    at cypressErr (http://localhost:42763/__cypress/runner/cypress_runner.js:149934:9)\n    at throwErr (http://localhost:42763/__cypress/runner/cypress_runner.js:149867:11)\n    at Object.throwErrByPath (http://localhost:42763/__cypress/runner/cypress_runner.js:149915:3)\n    at retry (http://localhost:42763/__cypress/runner/cypress_runner.js:144197:19)\n    at onFailFn (http://localhost:42763/__cypress/runner/cypress_runner.js:132448:16)\n    at tryCatcher (http://localhost:42763/__cypress/runner/cypress_runner.js:167415:23)\n    at Promise._settlePromiseFromHandler (http://localhost:42763/__cypress/runner/cypress_runner.js:165351:31)\n    at Promise._settlePromise (http://localhost:42763/__cypress/runner/cypress_runner.js:165408:18)\n    at Promise._settlePromise0 (http://localhost:42763/__cypress/runner/cypress_runner.js:165453:10)\n    at Promise._settlePromises (http://localhost:42763/__cypress/runner/cypress_runner.js:165528:18)\n    at Async../node_modules/bluebird/js/release/async.js.Async._drainQueue (http://localhost:42763/__cypress/runner/cypress_runner.js:162140:16)\n    at Async../node_modules/bluebird/js/release/async.js.Async._drainQueues (http://localhost:42763/__cypress/runner/cypress_runner.js:162150:10)\n    at Async.drainQueues (http://localhost:42763/__cypress/runner/cypress_runner.js:162024:14)",
                "diff": null
              },
              "uuid": "4f57d263-7df3-473d-972b-79bfa7360d27",
              "parentUUID": "0f7e435c-2a72-4295-b0b3-dd549c7d7de1",
              "isHook": false,
              "skipped": false
            },
            {
              "title": "Verifica se o quadro de pixels aparece abaixo da paleta de cores",
              "fullTitle": "4 - Adicione à página um quadro de pixels, com 25 pixels. Verifica se o quadro de pixels aparece abaixo da paleta de cores",
              "timedOut": null,
              "duration": 100,
              "state": "passed",
              "speed": "slow",
              "pass": true,
              "fail": false,
              "pending": false,
              "context": null,
              "code": "cy.get('#color-palette').then(function (palette) {\n  cy.get('#pixel-board').should('be.belowOf', palette);\n});",
              "err": {},
              "uuid": "c77ba120-b9a4-4a90-bb62-f4bbd1c2df28",
              "parentUUID": "0f7e435c-2a72-4295-b0b3-dd549c7d7de1",
              "isHook": false,
              "skipped": false
            }
          ],
          "suites": [],
          "passes": [
            "c77ba120-b9a4-4a90-bb62-f4bbd1c2df28"
          ],
          "failures": [
            "203b9b0a-a4cb-4aa0-b1cc-f9e42d969db7",
            "bb241d21-3fbf-481a-84cf-c3016a875c23",
            "4f57d263-7df3-473d-972b-79bfa7360d27"
          ],
          "pending": [],
          "skipped": [],
          "duration": 12943,
          "root": false,
          "rootEmpty": false,
          "_timeout": 2000
        },
        {
          "uuid": "ab1c22cc-f1da-45ad-bc14-92b0aa8ab215",
          "title": "5 - Faça com que cada elemento do quadro de pixels possua 40 pixels de largura, 40 pixels de altura e seja delimitado por uma borda preta de 1 pixel.",
          "fullFile": "",
          "file": "",
          "beforeHooks": [],
          "afterHooks": [],
          "tests": [
            {
              "title": "Verifica se o quadro de pixels tem altura e comprimento de 5 elementos",
              "fullTitle": "5 - Faça com que cada elemento do quadro de pixels possua 40 pixels de largura, 40 pixels de altura e seja delimitado por uma borda preta de 1 pixel. Verifica se o quadro de pixels tem altura e comprimento de 5 elementos",
              "timedOut": null,
              "duration": 4180,
              "state": "failed",
              "speed": null,
              "pass": false,
              "fail": true,
              "pending": false,
              "context": null,
              "code": "cy.get('.pixel').should('have.length', 25).each(function (pixel) {\n  expect(pixel).to.have.css('background-color', WHITE);\n}).and(function (pixels) {\n  var rows = chunk(pixels, 5);\n  rows.forEach(function (row) {\n    for (var index = 1; index < row.length; index += 1) {\n      var current = pixels[index];\n      var previous = pixels[index - 1];\n      cy.wrap(current).should('be.onTheRightOf', previous).and('be.horizontallyAlignedWith', previous);\n    }\n  });\n  for (var index = 1; index < 5; index += 1) {\n    expect(pixels[index * 5]).to.be.belowOf(pixels[(index - 1) * 5]);\n  }\n});",
              "err": {
                "message": "CypressError: Timed out retrying: Expected to find element: '.pixel', but never found it.",
                "estack": "CypressError: Timed out retrying: Expected to find element: '.pixel', but never found it.\n    at cypressErr (http://localhost:42763/__cypress/runner/cypress_runner.js:149934:9)\n    at throwErr (http://localhost:42763/__cypress/runner/cypress_runner.js:149867:11)\n    at Object.throwErrByPath (http://localhost:42763/__cypress/runner/cypress_runner.js:149915:3)\n    at retry (http://localhost:42763/__cypress/runner/cypress_runner.js:144197:19)\n    at onFailFn (http://localhost:42763/__cypress/runner/cypress_runner.js:132448:16)\n    at tryCatcher (http://localhost:42763/__cypress/runner/cypress_runner.js:167415:23)\n    at Promise._settlePromiseFromHandler (http://localhost:42763/__cypress/runner/cypress_runner.js:165351:31)\n    at Promise._settlePromise (http://localhost:42763/__cypress/runner/cypress_runner.js:165408:18)\n    at Promise._settlePromise0 (http://localhost:42763/__cypress/runner/cypress_runner.js:165453:10)\n    at Promise._settlePromises (http://localhost:42763/__cypress/runner/cypress_runner.js:165528:18)\n    at Async../node_modules/bluebird/js/release/async.js.Async._drainQueue (http://localhost:42763/__cypress/runner/cypress_runner.js:162140:16)\n    at Async../node_modules/bluebird/js/release/async.js.Async._drainQueues (http://localhost:42763/__cypress/runner/cypress_runner.js:162150:10)\n    at Async.drainQueues (http://localhost:42763/__cypress/runner/cypress_runner.js:162024:14)",
                "diff": null
              },
              "uuid": "0b4c9276-f075-4ea5-8b52-f9b87ede4c40",
              "parentUUID": "ab1c22cc-f1da-45ad-bc14-92b0aa8ab215",
              "isHook": false,
              "skipped": false
            },
            {
              "title": "Verifica se 40 pixels é o tamanho total do elemento, incluindo seu conteúdo e excluindo a borda preta, que deve ser criada à parte.",
              "fullTitle": "5 - Faça com que cada elemento do quadro de pixels possua 40 pixels de largura, 40 pixels de altura e seja delimitado por uma borda preta de 1 pixel. Verifica se 40 pixels é o tamanho total do elemento, incluindo seu conteúdo e excluindo a borda preta, que deve ser criada à parte.",
              "timedOut": null,
              "duration": 4261,
              "state": "failed",
              "speed": null,
              "pass": false,
              "fail": true,
              "pending": false,
              "context": null,
              "code": "cy.get('.pixel').each(function (pixel) {\n  cy.wrap(pixel).should('have.css', 'height', '40px').and('have.css', 'width', '40px').and('have.css', 'border', \"1px solid \".concat(BLACK));\n});",
              "err": {
                "message": "CypressError: Timed out retrying: Expected to find element: '.pixel', but never found it.",
                "estack": "CypressError: Timed out retrying: Expected to find element: '.pixel', but never found it.\n    at cypressErr (http://localhost:42763/__cypress/runner/cypress_runner.js:149934:9)\n    at throwErr (http://localhost:42763/__cypress/runner/cypress_runner.js:149867:11)\n    at Object.throwErrByPath (http://localhost:42763/__cypress/runner/cypress_runner.js:149915:3)\n    at retry (http://localhost:42763/__cypress/runner/cypress_runner.js:144197:19)\n    at onFailFn (http://localhost:42763/__cypress/runner/cypress_runner.js:132448:16)\n    at tryCatcher (http://localhost:42763/__cypress/runner/cypress_runner.js:167415:23)\n    at Promise._settlePromiseFromHandler (http://localhost:42763/__cypress/runner/cypress_runner.js:165351:31)\n    at Promise._settlePromise (http://localhost:42763/__cypress/runner/cypress_runner.js:165408:18)\n    at Promise._settlePromise0 (http://localhost:42763/__cypress/runner/cypress_runner.js:165453:10)\n    at Promise._settlePromises (http://localhost:42763/__cypress/runner/cypress_runner.js:165528:18)\n    at Async../node_modules/bluebird/js/release/async.js.Async._drainQueue (http://localhost:42763/__cypress/runner/cypress_runner.js:162140:16)\n    at Async../node_modules/bluebird/js/release/async.js.Async._drainQueues (http://localhost:42763/__cypress/runner/cypress_runner.js:162150:10)\n    at Async.drainQueues (http://localhost:42763/__cypress/runner/cypress_runner.js:162024:14)",
                "diff": null
              },
              "uuid": "46fd2caf-9a8c-4941-a51d-d621d6b3fb43",
              "parentUUID": "ab1c22cc-f1da-45ad-bc14-92b0aa8ab215",
              "isHook": false,
              "skipped": false
            }
          ],
          "suites": [],
          "passes": [],
          "failures": [
            "0b4c9276-f075-4ea5-8b52-f9b87ede4c40",
            "46fd2caf-9a8c-4941-a51d-d621d6b3fb43"
          ],
          "pending": [],
          "skipped": [],
          "duration": 8441,
          "root": false,
          "rootEmpty": false,
          "_timeout": 2000
        },
        {
          "uuid": "fb55e3ca-6d1d-4037-8575-57983ae4d744",
          "title": "6 - Defina a cor preta como cor inicial. Ao carregar a página a cor preta já deve estar selecionada para pintar os pixels",
          "fullFile": "",
          "file": "",
          "beforeHooks": [],
          "afterHooks": [],
          "tests": [
            {
              "title": "Verifica se o elemento da cor preta possui, inicialmente, a `classe` `selected`",
              "fullTitle": "6 - Defina a cor preta como cor inicial. Ao carregar a página a cor preta já deve estar selecionada para pintar os pixels Verifica se o elemento da cor preta possui, inicialmente, a `classe` `selected`",
              "timedOut": null,
              "duration": 97,
              "state": "passed",
              "speed": "slow",
              "pass": true,
              "fail": false,
              "pending": false,
              "context": null,
              "code": "cy.get('.selected').first().should('have.css', 'background-color', BLACK);",
              "err": {},
              "uuid": "08e72c27-60c8-4534-bc8e-8cd28a77332a",
              "parentUUID": "fb55e3ca-6d1d-4037-8575-57983ae4d744",
              "isHook": false,
              "skipped": false
            },
            {
              "title": "Verifica se nenhuma outra cor da paleta tem a `classe` `selected`",
              "fullTitle": "6 - Defina a cor preta como cor inicial. Ao carregar a página a cor preta já deve estar selecionada para pintar os pixels Verifica se nenhuma outra cor da paleta tem a `classe` `selected`",
              "timedOut": null,
              "duration": 65,
              "state": "passed",
              "speed": "medium",
              "pass": true,
              "fail": false,
              "pending": false,
              "context": null,
              "code": "cy.get('.color:not(:first-child)').each(function (color) {\n  cy.wrap(color).should('not.have.class', 'selected');\n});",
              "err": {},
              "uuid": "f1b88119-1c1b-4c55-a002-c08c5195836b",
              "parentUUID": "fb55e3ca-6d1d-4037-8575-57983ae4d744",
              "isHook": false,
              "skipped": false
            }
          ],
          "suites": [],
          "passes": [
            "08e72c27-60c8-4534-bc8e-8cd28a77332a",
            "f1b88119-1c1b-4c55-a002-c08c5195836b"
          ],
          "failures": [],
          "pending": [],
          "skipped": [],
          "duration": 162,
          "root": false,
          "rootEmpty": false,
          "_timeout": 2000
        },
        {
          "uuid": "edd3ee0a-c361-4e6c-b975-068a7831c7e7",
          "title": "7 - Clicar em uma das cores da paleta, faz com que ela seja selecionada e utilizada para preencher os pixels no quadro.",
          "fullFile": "",
          "file": "",
          "beforeHooks": [],
          "afterHooks": [],
          "tests": [
            {
              "title": "Verifica se somente uma cor da paleta de cores tem a classe `selected` de cada vez",
              "fullTitle": "7 - Clicar em uma das cores da paleta, faz com que ela seja selecionada e utilizada para preencher os pixels no quadro. Verifica se somente uma cor da paleta de cores tem a classe `selected` de cada vez",
              "timedOut": null,
              "duration": 450,
              "state": "passed",
              "speed": "slow",
              "pass": true,
              "fail": false,
              "pending": false,
              "context": null,
              "code": "cy.get('.color').each(function (selectedColor, selectedColorIndex) {\n  cy.wrap(selectedColor).click();\n  cy.get('.color').each(function (color, colorIndex) {\n    if (colorIndex === selectedColorIndex) {\n      expect(color).to.have[\"class\"]('selected');\n    } else {\n      expect(color).not.to.have[\"class\"]('selected');\n    }\n  });\n});",
              "err": {},
              "uuid": "5111783c-89ab-4a65-b500-0d095a075448",
              "parentUUID": "edd3ee0a-c361-4e6c-b975-068a7831c7e7",
              "isHook": false,
              "skipped": false
            },
            {
              "title": "Verifica se os pixels dentro do quadro não têm a classe `selected` quando são clicados",
              "fullTitle": "7 - Clicar em uma das cores da paleta, faz com que ela seja selecionada e utilizada para preencher os pixels no quadro. Verifica se os pixels dentro do quadro não têm a classe `selected` quando são clicados",
              "timedOut": null,
              "duration": 4309,
              "state": "failed",
              "speed": null,
              "pass": false,
              "fail": true,
              "pending": false,
              "context": null,
              "code": "cy.get('.color').each(function (color) {\n  var backgroundColor = color.css('background-color');\n  cy.wrap(color).click();\n  cy.get('.pixel').each(function (pixel) {\n    cy.wrap(pixel).click().should('not.have.class', 'selected');\n  });\n});",
              "err": {
                "message": "CypressError: Timed out retrying: Expected to find element: '.pixel', but never found it.",
                "estack": "CypressError: Timed out retrying: Expected to find element: '.pixel', but never found it.\n    at cypressErr (http://localhost:42763/__cypress/runner/cypress_runner.js:149934:9)\n    at throwErr (http://localhost:42763/__cypress/runner/cypress_runner.js:149867:11)\n    at Object.throwErrByPath (http://localhost:42763/__cypress/runner/cypress_runner.js:149915:3)\n    at retry (http://localhost:42763/__cypress/runner/cypress_runner.js:144197:19)\n    at onFailFn (http://localhost:42763/__cypress/runner/cypress_runner.js:132448:16)\n    at tryCatcher (http://localhost:42763/__cypress/runner/cypress_runner.js:167415:23)\n    at Promise._settlePromiseFromHandler (http://localhost:42763/__cypress/runner/cypress_runner.js:165351:31)\n    at Promise._settlePromise (http://localhost:42763/__cypress/runner/cypress_runner.js:165408:18)\n    at Promise._settlePromise0 (http://localhost:42763/__cypress/runner/cypress_runner.js:165453:10)\n    at Promise._settlePromises (http://localhost:42763/__cypress/runner/cypress_runner.js:165528:18)\n    at Async../node_modules/bluebird/js/release/async.js.Async._drainQueue (http://localhost:42763/__cypress/runner/cypress_runner.js:162140:16)\n    at Async../node_modules/bluebird/js/release/async.js.Async._drainQueues (http://localhost:42763/__cypress/runner/cypress_runner.js:162150:10)\n    at Async.drainQueues (http://localhost:42763/__cypress/runner/cypress_runner.js:162024:14)",
                "diff": null
              },
              "uuid": "3a9fccf8-954d-4a04-9c91-a49588a06fc4",
              "parentUUID": "edd3ee0a-c361-4e6c-b975-068a7831c7e7",
              "isHook": false,
              "skipped": false
            }
          ],
          "suites": [],
          "passes": [
            "5111783c-89ab-4a65-b500-0d095a075448"
          ],
          "failures": [
            "3a9fccf8-954d-4a04-9c91-a49588a06fc4"
          ],
          "pending": [],
          "skipped": [],
          "duration": 4759,
          "root": false,
          "rootEmpty": false,
          "_timeout": 2000
        },
        {
          "uuid": "93bd5ee4-238b-4384-ab3d-8d411d06377a",
          "title": "8 - Clicar em um pixel dentro do quadro após selecionar uma cor na paleta, faz com que o pixel seja preenchido com a cor selecionada.",
          "fullFile": "",
          "file": "",
          "beforeHooks": [],
          "afterHooks": [],
          "tests": [
            {
              "title": "Verifica se ao carregar a página deve ser possível pintar os pixels de preto",
              "fullTitle": "8 - Clicar em um pixel dentro do quadro após selecionar uma cor na paleta, faz com que o pixel seja preenchido com a cor selecionada. Verifica se ao carregar a página deve ser possível pintar os pixels de preto",
              "timedOut": null,
              "duration": 4248,
              "state": "failed",
              "speed": null,
              "pass": false,
              "fail": true,
              "pending": false,
              "context": null,
              "code": "cy.get('.pixel').each(function (pixel) {\n  cy.wrap(pixel).click().should('have.css', 'background-color', BLACK);\n});",
              "err": {
                "message": "CypressError: Timed out retrying: Expected to find element: '.pixel', but never found it.",
                "estack": "CypressError: Timed out retrying: Expected to find element: '.pixel', but never found it.\n    at cypressErr (http://localhost:42763/__cypress/runner/cypress_runner.js:149934:9)\n    at throwErr (http://localhost:42763/__cypress/runner/cypress_runner.js:149867:11)\n    at Object.throwErrByPath (http://localhost:42763/__cypress/runner/cypress_runner.js:149915:3)\n    at retry (http://localhost:42763/__cypress/runner/cypress_runner.js:144197:19)\n    at onFailFn (http://localhost:42763/__cypress/runner/cypress_runner.js:132448:16)\n    at tryCatcher (http://localhost:42763/__cypress/runner/cypress_runner.js:167415:23)\n    at Promise._settlePromiseFromHandler (http://localhost:42763/__cypress/runner/cypress_runner.js:165351:31)\n    at Promise._settlePromise (http://localhost:42763/__cypress/runner/cypress_runner.js:165408:18)\n    at Promise._settlePromise0 (http://localhost:42763/__cypress/runner/cypress_runner.js:165453:10)\n    at Promise._settlePromises (http://localhost:42763/__cypress/runner/cypress_runner.js:165528:18)\n    at Async../node_modules/bluebird/js/release/async.js.Async._drainQueue (http://localhost:42763/__cypress/runner/cypress_runner.js:162140:16)\n    at Async../node_modules/bluebird/js/release/async.js.Async._drainQueues (http://localhost:42763/__cypress/runner/cypress_runner.js:162150:10)\n    at Async.drainQueues (http://localhost:42763/__cypress/runner/cypress_runner.js:162024:14)",
                "diff": null
              },
              "uuid": "c7c916e6-210d-4f20-b5ca-e2e2603a1308",
              "parentUUID": "93bd5ee4-238b-4384-ab3d-8d411d06377a",
              "isHook": false,
              "skipped": false
            },
            {
              "title": "Verifica se após selecionar uma outra cor na paleta, é possível pintar os pixels com essa cor",
              "fullTitle": "8 - Clicar em um pixel dentro do quadro após selecionar uma cor na paleta, faz com que o pixel seja preenchido com a cor selecionada. Verifica se após selecionar uma outra cor na paleta, é possível pintar os pixels com essa cor",
              "timedOut": null,
              "duration": 5547,
              "state": "failed",
              "speed": null,
              "pass": false,
              "fail": true,
              "pending": false,
              "context": null,
              "code": "cy.get('.color').each(function (color) {\n  var backgroundColor = color.css('background-color');\n  cy.wrap(color).click();\n  cy.get('.pixel').each(function (pixel) {\n    cy.wrap(pixel).click().should('have.css', 'background-color', backgroundColor);\n  });\n});",
              "err": {
                "message": "CypressError: Timed out retrying: Expected to find element: '.pixel', but never found it.",
                "estack": "CypressError: Timed out retrying: Expected to find element: '.pixel', but never found it.\n    at cypressErr (http://localhost:42763/__cypress/runner/cypress_runner.js:149934:9)\n    at throwErr (http://localhost:42763/__cypress/runner/cypress_runner.js:149867:11)\n    at Object.throwErrByPath (http://localhost:42763/__cypress/runner/cypress_runner.js:149915:3)\n    at retry (http://localhost:42763/__cypress/runner/cypress_runner.js:144197:19)\n    at onFailFn (http://localhost:42763/__cypress/runner/cypress_runner.js:132448:16)\n    at tryCatcher (http://localhost:42763/__cypress/runner/cypress_runner.js:167415:23)\n    at Promise._settlePromiseFromHandler (http://localhost:42763/__cypress/runner/cypress_runner.js:165351:31)\n    at Promise._settlePromise (http://localhost:42763/__cypress/runner/cypress_runner.js:165408:18)\n    at Promise._settlePromise0 (http://localhost:42763/__cypress/runner/cypress_runner.js:165453:10)\n    at Promise._settlePromises (http://localhost:42763/__cypress/runner/cypress_runner.js:165528:18)\n    at Async../node_modules/bluebird/js/release/async.js.Async._drainQueue (http://localhost:42763/__cypress/runner/cypress_runner.js:162140:16)\n    at Async../node_modules/bluebird/js/release/async.js.Async._drainQueues (http://localhost:42763/__cypress/runner/cypress_runner.js:162150:10)\n    at Async.drainQueues (http://localhost:42763/__cypress/runner/cypress_runner.js:162024:14)",
                "diff": null
              },
              "uuid": "55da14c0-e77f-4910-b0a7-17c2e5c0c141",
              "parentUUID": "93bd5ee4-238b-4384-ab3d-8d411d06377a",
              "isHook": false,
              "skipped": false
            },
            {
              "title": "Verifica se somente o pixel que foi clicado foi preenchido com a cor selecionada, sem influenciar na cor dos demais pixels.",
              "fullTitle": "8 - Clicar em um pixel dentro do quadro após selecionar uma cor na paleta, faz com que o pixel seja preenchido com a cor selecionada. Verifica se somente o pixel que foi clicado foi preenchido com a cor selecionada, sem influenciar na cor dos demais pixels.",
              "timedOut": null,
              "duration": 4325,
              "state": "failed",
              "speed": null,
              "pass": false,
              "fail": true,
              "pending": false,
              "context": null,
              "code": "var colorToPixelIndexMap = {\n  0: 6,\n  1: 8,\n  2: 16,\n  3: 18\n};\ncy.get('.color').each(function (color, index) {\n  cy.wrap(color).click();\n  var backgroundColor = color.css('background-color');\n  var clickedPixelIndex = colorToPixelIndexMap[index];\n  cy.get('.pixel').eq(clickedPixelIndex).click();\n  cy.get('.pixel').eq(clickedPixelIndex - 1).should('not.have.css', 'background-color', backgroundColor);\n  cy.get('.pixel').eq(clickedPixelIndex + 1).should('not.have.css', 'background-color', backgroundColor);\n  cy.get('.pixel').eq(clickedPixelIndex - 5).should('not.have.css', 'background-color', backgroundColor);\n  cy.get('.pixel').eq(clickedPixelIndex + 5).should('not.have.css', 'background-color', backgroundColor);\n  cy.get('.pixel').eq(clickedPixelIndex - 6).should('not.have.css', 'background-color', backgroundColor);\n  cy.get('.pixel').eq(clickedPixelIndex - 4).should('not.have.css', 'background-color', backgroundColor);\n  cy.get('.pixel').eq(clickedPixelIndex + 4).should('not.have.css', 'background-color', backgroundColor);\n  cy.get('.pixel').eq(clickedPixelIndex + 6).should('not.have.css', 'background-color', backgroundColor);\n});",
              "err": {
                "message": "CypressError: Timed out retrying: Expected to find element: '.pixel', but never found it.",
                "estack": "CypressError: Timed out retrying: Expected to find element: '.pixel', but never found it.\n    at cypressErr (http://localhost:42763/__cypress/runner/cypress_runner.js:149934:9)\n    at throwErr (http://localhost:42763/__cypress/runner/cypress_runner.js:149867:11)\n    at Object.throwErrByPath (http://localhost:42763/__cypress/runner/cypress_runner.js:149915:3)\n    at retry (http://localhost:42763/__cypress/runner/cypress_runner.js:144197:19)\n    at onFailFn (http://localhost:42763/__cypress/runner/cypress_runner.js:132448:16)\n    at tryCatcher (http://localhost:42763/__cypress/runner/cypress_runner.js:167415:23)\n    at Promise._settlePromiseFromHandler (http://localhost:42763/__cypress/runner/cypress_runner.js:165351:31)\n    at Promise._settlePromise (http://localhost:42763/__cypress/runner/cypress_runner.js:165408:18)\n    at Promise._settlePromise0 (http://localhost:42763/__cypress/runner/cypress_runner.js:165453:10)\n    at Promise._settlePromises (http://localhost:42763/__cypress/runner/cypress_runner.js:165528:18)\n    at Async../node_modules/bluebird/js/release/async.js.Async._drainQueue (http://localhost:42763/__cypress/runner/cypress_runner.js:162140:16)\n    at Async../node_modules/bluebird/js/release/async.js.Async._drainQueues (http://localhost:42763/__cypress/runner/cypress_runner.js:162150:10)\n    at Async.drainQueues (http://localhost:42763/__cypress/runner/cypress_runner.js:162024:14)",
                "diff": null
              },
              "uuid": "ab50d9c8-1af5-4804-908f-6d28d946b982",
              "parentUUID": "93bd5ee4-238b-4384-ab3d-8d411d06377a",
              "isHook": false,
              "skipped": false
            }
          ],
          "suites": [],
          "passes": [],
          "failures": [
            "c7c916e6-210d-4f20-b5ca-e2e2603a1308",
            "55da14c0-e77f-4910-b0a7-17c2e5c0c141",
            "ab50d9c8-1af5-4804-908f-6d28d946b982"
          ],
          "pending": [],
          "skipped": [],
          "duration": 14120,
          "root": false,
          "rootEmpty": false,
          "_timeout": 2000
        },
        {
          "uuid": "cf8d16ab-1807-47ac-a1c7-601fa98a2d63",
          "title": "9 - Crie um botão que, ao ser clicado, limpa o quadro preenchendo a cor de todos seus pixels com branco.",
          "fullFile": "",
          "file": "",
          "beforeHooks": [],
          "afterHooks": [],
          "tests": [
            {
              "title": "Verifica se o botão tem o `id` denominado `clear-board`",
              "fullTitle": "9 - Crie um botão que, ao ser clicado, limpa o quadro preenchendo a cor de todos seus pixels com branco. Verifica se o botão tem o `id` denominado `clear-board`",
              "timedOut": null,
              "duration": 106,
              "state": "passed",
              "speed": "slow",
              "pass": true,
              "fail": false,
              "pending": false,
              "context": null,
              "code": "cy.get('#clear-board').should('be.visible');",
              "err": {},
              "uuid": "b658d34b-ca70-4a6e-b4fe-5f4793cfcd15",
              "parentUUID": "cf8d16ab-1807-47ac-a1c7-601fa98a2d63",
              "isHook": false,
              "skipped": false
            },
            {
              "title": "Verifica se o botão está posicionado entre a paleta de cores e o quadro de pixels",
              "fullTitle": "9 - Crie um botão que, ao ser clicado, limpa o quadro preenchendo a cor de todos seus pixels com branco. Verifica se o botão está posicionado entre a paleta de cores e o quadro de pixels",
              "timedOut": null,
              "duration": 74,
              "state": "passed",
              "speed": "medium",
              "pass": true,
              "fail": false,
              "pending": false,
              "context": null,
              "code": "cy.get('#color-palette').then(function (palette) {\n  cy.get('#clear-board').should('be.belowOf', palette);\n});\ncy.get('#clear-board').then(function (clearBtn) {\n  cy.get('#pixel-board').should('be.belowOf', clearBtn);\n});",
              "err": {},
              "uuid": "9bcd7127-67e4-4d31-a6c4-3c93b192c678",
              "parentUUID": "cf8d16ab-1807-47ac-a1c7-601fa98a2d63",
              "isHook": false,
              "skipped": false
            },
            {
              "title": "Verifica se o texto do botão é 'Limpar'",
              "fullTitle": "9 - Crie um botão que, ao ser clicado, limpa o quadro preenchendo a cor de todos seus pixels com branco. Verifica se o texto do botão é 'Limpar'",
              "timedOut": null,
              "duration": 58,
              "state": "passed",
              "speed": "medium",
              "pass": true,
              "fail": false,
              "pending": false,
              "context": null,
              "code": "cy.get('#clear-board').should('contain.text', 'Limpar');",
              "err": {},
              "uuid": "d9044546-2f7d-42dd-b56a-ab7d243f8097",
              "parentUUID": "cf8d16ab-1807-47ac-a1c7-601fa98a2d63",
              "isHook": false,
              "skipped": false
            },
            {
              "title": "Verifica se ao clicar no botão, o quadro de pixels é totalmente preenchido de branco",
              "fullTitle": "9 - Crie um botão que, ao ser clicado, limpa o quadro preenchendo a cor de todos seus pixels com branco. Verifica se ao clicar no botão, o quadro de pixels é totalmente preenchido de branco",
              "timedOut": null,
              "duration": 4274,
              "state": "failed",
              "speed": null,
              "pass": false,
              "fail": true,
              "pending": false,
              "context": null,
              "code": "cy.get('.color').eq(1).then(function (color) {\n  var backgroundColor = color.css('background-color');\n  cy.wrap(color).click();\n  cy.get('.pixel').each(function (pixel) {\n    cy.wrap(pixel).click().should('have.css', 'background-color', backgroundColor);\n  });\n});\ncy.get('#clear-board').click();\ncy.get('.pixel').each(function (pixel) {\n  cy.wrap(pixel).should('have.css', 'background-color', WHITE);\n});",
              "err": {
                "message": "CypressError: Timed out retrying: Expected to find element: '.pixel', but never found it.",
                "estack": "CypressError: Timed out retrying: Expected to find element: '.pixel', but never found it.\n    at cypressErr (http://localhost:42763/__cypress/runner/cypress_runner.js:149934:9)\n    at throwErr (http://localhost:42763/__cypress/runner/cypress_runner.js:149867:11)\n    at Object.throwErrByPath (http://localhost:42763/__cypress/runner/cypress_runner.js:149915:3)\n    at retry (http://localhost:42763/__cypress/runner/cypress_runner.js:144197:19)\n    at onFailFn (http://localhost:42763/__cypress/runner/cypress_runner.js:132448:16)\n    at tryCatcher (http://localhost:42763/__cypress/runner/cypress_runner.js:167415:23)\n    at Promise._settlePromiseFromHandler (http://localhost:42763/__cypress/runner/cypress_runner.js:165351:31)\n    at Promise._settlePromise (http://localhost:42763/__cypress/runner/cypress_runner.js:165408:18)\n    at Promise._settlePromise0 (http://localhost:42763/__cypress/runner/cypress_runner.js:165453:10)\n    at Promise._settlePromises (http://localhost:42763/__cypress/runner/cypress_runner.js:165528:18)\n    at Async../node_modules/bluebird/js/release/async.js.Async._drainQueue (http://localhost:42763/__cypress/runner/cypress_runner.js:162140:16)\n    at Async../node_modules/bluebird/js/release/async.js.Async._drainQueues (http://localhost:42763/__cypress/runner/cypress_runner.js:162150:10)\n    at Async.drainQueues (http://localhost:42763/__cypress/runner/cypress_runner.js:162024:14)",
                "diff": null
              },
              "uuid": "dc2e234e-6e33-4574-a238-46eb927d290e",
              "parentUUID": "cf8d16ab-1807-47ac-a1c7-601fa98a2d63",
              "isHook": false,
              "skipped": false
            }
          ],
          "suites": [],
          "passes": [
            "b658d34b-ca70-4a6e-b4fe-5f4793cfcd15",
            "9bcd7127-67e4-4d31-a6c4-3c93b192c678",
            "d9044546-2f7d-42dd-b56a-ab7d243f8097"
          ],
          "failures": [
            "dc2e234e-6e33-4574-a238-46eb927d290e"
          ],
          "pending": [],
          "skipped": [],
          "duration": 4512,
          "root": false,
          "rootEmpty": false,
          "_timeout": 2000
        },
        {
          "uuid": "9f544876-78d2-4b94-b6f2-eaec5c1b0b07",
          "title": "10 - Faça o quadro de pixels ter seu tamanho definido pelo usuário.",
          "fullFile": "",
          "file": "",
          "beforeHooks": [],
          "afterHooks": [],
          "tests": [
            {
              "title": "Verifica se existe um input com o id `board-size`",
              "fullTitle": "10 - Faça o quadro de pixels ter seu tamanho definido pelo usuário. Verifica se existe um input com o id `board-size`",
              "timedOut": null,
              "duration": 4258,
              "state": "failed",
              "speed": null,
              "pass": false,
              "fail": true,
              "pending": false,
              "context": null,
              "code": "cy.get('#board-size').should('be.visible');",
              "err": {
                "message": "CypressError: Timed out retrying: Expected to find element: '#board-size', but never found it.",
                "estack": "CypressError: Timed out retrying: Expected to find element: '#board-size', but never found it.\n    at cypressErr (http://localhost:42763/__cypress/runner/cypress_runner.js:149934:9)\n    at throwErr (http://localhost:42763/__cypress/runner/cypress_runner.js:149867:11)\n    at Object.throwErrByPath (http://localhost:42763/__cypress/runner/cypress_runner.js:149915:3)\n    at retry (http://localhost:42763/__cypress/runner/cypress_runner.js:144197:19)\n    at onFailFn (http://localhost:42763/__cypress/runner/cypress_runner.js:132448:16)\n    at tryCatcher (http://localhost:42763/__cypress/runner/cypress_runner.js:167415:23)\n    at Promise._settlePromiseFromHandler (http://localhost:42763/__cypress/runner/cypress_runner.js:165351:31)\n    at Promise._settlePromise (http://localhost:42763/__cypress/runner/cypress_runner.js:165408:18)\n    at Promise._settlePromise0 (http://localhost:42763/__cypress/runner/cypress_runner.js:165453:10)\n    at Promise._settlePromises (http://localhost:42763/__cypress/runner/cypress_runner.js:165528:18)\n    at Async../node_modules/bluebird/js/release/async.js.Async._drainQueue (http://localhost:42763/__cypress/runner/cypress_runner.js:162140:16)\n    at Async../node_modules/bluebird/js/release/async.js.Async._drainQueues (http://localhost:42763/__cypress/runner/cypress_runner.js:162150:10)\n    at Async.drainQueues (http://localhost:42763/__cypress/runner/cypress_runner.js:162024:14)",
                "diff": null
              },
              "uuid": "33840967-cdc9-415d-9d62-097de626f068",
              "parentUUID": "9f544876-78d2-4b94-b6f2-eaec5c1b0b07",
              "isHook": false,
              "skipped": false
            },
            {
              "title": "Verifica se existe um botão com o id `generate-board`",
              "fullTitle": "10 - Faça o quadro de pixels ter seu tamanho definido pelo usuário. Verifica se existe um botão com o id `generate-board`",
              "timedOut": null,
              "duration": 4217,
              "state": "failed",
              "speed": null,
              "pass": false,
              "fail": true,
              "pending": false,
              "context": null,
              "code": "cy.get('#generate-board').should('be.visible');",
              "err": {
                "message": "CypressError: Timed out retrying: Expected to find element: '#generate-board', but never found it.",
                "estack": "CypressError: Timed out retrying: Expected to find element: '#generate-board', but never found it.\n    at cypressErr (http://localhost:42763/__cypress/runner/cypress_runner.js:149934:9)\n    at throwErr (http://localhost:42763/__cypress/runner/cypress_runner.js:149867:11)\n    at Object.throwErrByPath (http://localhost:42763/__cypress/runner/cypress_runner.js:149915:3)\n    at retry (http://localhost:42763/__cypress/runner/cypress_runner.js:144197:19)\n    at onFailFn (http://localhost:42763/__cypress/runner/cypress_runner.js:132448:16)\n    at tryCatcher (http://localhost:42763/__cypress/runner/cypress_runner.js:167415:23)\n    at Promise._settlePromiseFromHandler (http://localhost:42763/__cypress/runner/cypress_runner.js:165351:31)\n    at Promise._settlePromise (http://localhost:42763/__cypress/runner/cypress_runner.js:165408:18)\n    at Promise._settlePromise0 (http://localhost:42763/__cypress/runner/cypress_runner.js:165453:10)\n    at Promise._settlePromises (http://localhost:42763/__cypress/runner/cypress_runner.js:165528:18)\n    at Async../node_modules/bluebird/js/release/async.js.Async._drainQueue (http://localhost:42763/__cypress/runner/cypress_runner.js:162140:16)\n    at Async../node_modules/bluebird/js/release/async.js.Async._drainQueues (http://localhost:42763/__cypress/runner/cypress_runner.js:162150:10)\n    at Async.drainQueues (http://localhost:42763/__cypress/runner/cypress_runner.js:162024:14)",
                "diff": null
              },
              "uuid": "a314c360-b943-4772-9dad-d7bdddba8284",
              "parentUUID": "9f544876-78d2-4b94-b6f2-eaec5c1b0b07",
              "isHook": false,
              "skipped": false
            },
            {
              "title": "Verifica se o input só aceita número maiores que zero. Essa restrição deve ser feita usando os atributos do elemento `input`",
              "fullTitle": "10 - Faça o quadro de pixels ter seu tamanho definido pelo usuário. Verifica se o input só aceita número maiores que zero. Essa restrição deve ser feita usando os atributos do elemento `input`",
              "timedOut": null,
              "duration": 4236,
              "state": "failed",
              "speed": null,
              "pass": false,
              "fail": true,
              "pending": false,
              "context": null,
              "code": "cy.get('#board-size[type=\\'number\\'][min=\\'1\\']');",
              "err": {
                "message": "CypressError: Timed out retrying: Expected to find element: '#board-size[type='number'][min='1']', but never found it.",
                "estack": "CypressError: Timed out retrying: Expected to find element: '#board-size[type='number'][min='1']', but never found it.\n    at cypressErr (http://localhost:42763/__cypress/runner/cypress_runner.js:149934:9)\n    at throwErr (http://localhost:42763/__cypress/runner/cypress_runner.js:149867:11)\n    at Object.throwErrByPath (http://localhost:42763/__cypress/runner/cypress_runner.js:149915:3)\n    at retry (http://localhost:42763/__cypress/runner/cypress_runner.js:144197:19)\n    at onFailFn (http://localhost:42763/__cypress/runner/cypress_runner.js:132448:16)\n    at tryCatcher (http://localhost:42763/__cypress/runner/cypress_runner.js:167415:23)\n    at Promise._settlePromiseFromHandler (http://localhost:42763/__cypress/runner/cypress_runner.js:165351:31)\n    at Promise._settlePromise (http://localhost:42763/__cypress/runner/cypress_runner.js:165408:18)\n    at Promise._settlePromise0 (http://localhost:42763/__cypress/runner/cypress_runner.js:165453:10)\n    at Promise._settlePromises (http://localhost:42763/__cypress/runner/cypress_runner.js:165528:18)\n    at Async../node_modules/bluebird/js/release/async.js.Async._drainQueue (http://localhost:42763/__cypress/runner/cypress_runner.js:162140:16)\n    at Async../node_modules/bluebird/js/release/async.js.Async._drainQueues (http://localhost:42763/__cypress/runner/cypress_runner.js:162150:10)\n    at Async.drainQueues (http://localhost:42763/__cypress/runner/cypress_runner.js:162024:14)",
                "diff": null
              },
              "uuid": "a49cb5f0-dae0-4c15-aa66-605d719fbb8d",
              "parentUUID": "9f544876-78d2-4b94-b6f2-eaec5c1b0b07",
              "isHook": false,
              "skipped": false
            },
            {
              "title": "Verifica se o botão contém o texto 'VQV'",
              "fullTitle": "10 - Faça o quadro de pixels ter seu tamanho definido pelo usuário. Verifica se o botão contém o texto 'VQV'",
              "timedOut": null,
              "duration": 4239,
              "state": "failed",
              "speed": null,
              "pass": false,
              "fail": true,
              "pending": false,
              "context": null,
              "code": "cy.get('#generate-board').contains(/vqv/i);",
              "err": {
                "message": "CypressError: Timed out retrying: Expected to find element: '#generate-board', but never found it.",
                "estack": "CypressError: Timed out retrying: Expected to find element: '#generate-board', but never found it.\n    at cypressErr (http://localhost:42763/__cypress/runner/cypress_runner.js:149934:9)\n    at throwErr (http://localhost:42763/__cypress/runner/cypress_runner.js:149867:11)\n    at Object.throwErrByPath (http://localhost:42763/__cypress/runner/cypress_runner.js:149915:3)\n    at retry (http://localhost:42763/__cypress/runner/cypress_runner.js:144197:19)\n    at onFailFn (http://localhost:42763/__cypress/runner/cypress_runner.js:132448:16)\n    at tryCatcher (http://localhost:42763/__cypress/runner/cypress_runner.js:167415:23)\n    at Promise._settlePromiseFromHandler (http://localhost:42763/__cypress/runner/cypress_runner.js:165351:31)\n    at Promise._settlePromise (http://localhost:42763/__cypress/runner/cypress_runner.js:165408:18)\n    at Promise._settlePromise0 (http://localhost:42763/__cypress/runner/cypress_runner.js:165453:10)\n    at Promise._settlePromises (http://localhost:42763/__cypress/runner/cypress_runner.js:165528:18)\n    at Async../node_modules/bluebird/js/release/async.js.Async._drainQueue (http://localhost:42763/__cypress/runner/cypress_runner.js:162140:16)\n    at Async../node_modules/bluebird/js/release/async.js.Async._drainQueues (http://localhost:42763/__cypress/runner/cypress_runner.js:162150:10)\n    at Async.drainQueues (http://localhost:42763/__cypress/runner/cypress_runner.js:162024:14)",
                "diff": null
              },
              "uuid": "da76c4e4-3ed5-4bac-9f8b-6cfc99420e1d",
              "parentUUID": "9f544876-78d2-4b94-b6f2-eaec5c1b0b07",
              "isHook": false,
              "skipped": false
            },
            {
              "title": "Verifica se o input está posicionado entre a paleta de cores e o quadro de pixels",
              "fullTitle": "10 - Faça o quadro de pixels ter seu tamanho definido pelo usuário. Verifica se o input está posicionado entre a paleta de cores e o quadro de pixels",
              "timedOut": null,
              "duration": 4233,
              "state": "failed",
              "speed": null,
              "pass": false,
              "fail": true,
              "pending": false,
              "context": null,
              "code": "cy.get('#color-palette').then(function (palette) {\n  cy.get('#board-size').should('be.belowOf', palette);\n});\ncy.get('#board-size').then(function (palette) {\n  cy.get('#pixel-board').should('be.belowOf', palette);\n});",
              "err": {
                "message": "CypressError: Timed out retrying: Expected to find element: '#board-size', but never found it.",
                "estack": "CypressError: Timed out retrying: Expected to find element: '#board-size', but never found it.\n    at cypressErr (http://localhost:42763/__cypress/runner/cypress_runner.js:149934:9)\n    at throwErr (http://localhost:42763/__cypress/runner/cypress_runner.js:149867:11)\n    at Object.throwErrByPath (http://localhost:42763/__cypress/runner/cypress_runner.js:149915:3)\n    at retry (http://localhost:42763/__cypress/runner/cypress_runner.js:144197:19)\n    at onFailFn (http://localhost:42763/__cypress/runner/cypress_runner.js:132448:16)\n    at tryCatcher (http://localhost:42763/__cypress/runner/cypress_runner.js:167415:23)\n    at Promise._settlePromiseFromHandler (http://localhost:42763/__cypress/runner/cypress_runner.js:165351:31)\n    at Promise._settlePromise (http://localhost:42763/__cypress/runner/cypress_runner.js:165408:18)\n    at Promise._settlePromise0 (http://localhost:42763/__cypress/runner/cypress_runner.js:165453:10)\n    at Promise._settlePromises (http://localhost:42763/__cypress/runner/cypress_runner.js:165528:18)\n    at Async../node_modules/bluebird/js/release/async.js.Async._drainQueue (http://localhost:42763/__cypress/runner/cypress_runner.js:162140:16)\n    at Async../node_modules/bluebird/js/release/async.js.Async._drainQueues (http://localhost:42763/__cypress/runner/cypress_runner.js:162150:10)\n    at Async.drainQueues (http://localhost:42763/__cypress/runner/cypress_runner.js:162024:14)",
                "diff": null
              },
              "uuid": "d0716819-bfc8-414b-88b2-4466078437a1",
              "parentUUID": "9f544876-78d2-4b94-b6f2-eaec5c1b0b07",
              "isHook": false,
              "skipped": false
            },
            {
              "title": "Verifica se o botão está posicionado ao lado do input",
              "fullTitle": "10 - Faça o quadro de pixels ter seu tamanho definido pelo usuário. Verifica se o botão está posicionado ao lado do input",
              "timedOut": null,
              "duration": 4232,
              "state": "failed",
              "speed": null,
              "pass": false,
              "fail": true,
              "pending": false,
              "context": null,
              "code": "cy.get('#board-size').then(function (board) {\n  cy.get('#generate-board').should('be.onTheRightOf', board);\n});",
              "err": {
                "message": "CypressError: Timed out retrying: Expected to find element: '#board-size', but never found it.",
                "estack": "CypressError: Timed out retrying: Expected to find element: '#board-size', but never found it.\n    at cypressErr (http://localhost:42763/__cypress/runner/cypress_runner.js:149934:9)\n    at throwErr (http://localhost:42763/__cypress/runner/cypress_runner.js:149867:11)\n    at Object.throwErrByPath (http://localhost:42763/__cypress/runner/cypress_runner.js:149915:3)\n    at retry (http://localhost:42763/__cypress/runner/cypress_runner.js:144197:19)\n    at onFailFn (http://localhost:42763/__cypress/runner/cypress_runner.js:132448:16)\n    at tryCatcher (http://localhost:42763/__cypress/runner/cypress_runner.js:167415:23)\n    at Promise._settlePromiseFromHandler (http://localhost:42763/__cypress/runner/cypress_runner.js:165351:31)\n    at Promise._settlePromise (http://localhost:42763/__cypress/runner/cypress_runner.js:165408:18)\n    at Promise._settlePromise0 (http://localhost:42763/__cypress/runner/cypress_runner.js:165453:10)\n    at Promise._settlePromises (http://localhost:42763/__cypress/runner/cypress_runner.js:165528:18)\n    at Async../node_modules/bluebird/js/release/async.js.Async._drainQueue (http://localhost:42763/__cypress/runner/cypress_runner.js:162140:16)\n    at Async../node_modules/bluebird/js/release/async.js.Async._drainQueues (http://localhost:42763/__cypress/runner/cypress_runner.js:162150:10)\n    at Async.drainQueues (http://localhost:42763/__cypress/runner/cypress_runner.js:162024:14)",
                "diff": null
              },
              "uuid": "02b5c346-992c-4e9f-bae6-41717738d114",
              "parentUUID": "9f544876-78d2-4b94-b6f2-eaec5c1b0b07",
              "isHook": false,
              "skipped": false
            },
            {
              "title": "Verifica se nenhum valor for colocado no input ao clicar no botão, um `alert` é exibido com o texto: 'Board inválido!'",
              "fullTitle": "10 - Faça o quadro de pixels ter seu tamanho definido pelo usuário. Verifica se nenhum valor for colocado no input ao clicar no botão, um `alert` é exibido com o texto: 'Board inválido!'",
              "timedOut": null,
              "duration": 4243,
              "state": "failed",
              "speed": null,
              "pass": false,
              "fail": true,
              "pending": false,
              "context": null,
              "code": "var alerted = false;\ncy.on('window:alert', function (msg) {\n  return alerted = msg;\n});\ncy.get('#generate-board').click().then(function () {\n  return expect(alerted).to.match(/Board inválido!/i);\n});",
              "err": {
                "message": "CypressError: Timed out retrying: Expected to find element: '#generate-board', but never found it.",
                "estack": "CypressError: Timed out retrying: Expected to find element: '#generate-board', but never found it.\n    at cypressErr (http://localhost:42763/__cypress/runner/cypress_runner.js:149934:9)\n    at throwErr (http://localhost:42763/__cypress/runner/cypress_runner.js:149867:11)\n    at Object.throwErrByPath (http://localhost:42763/__cypress/runner/cypress_runner.js:149915:3)\n    at retry (http://localhost:42763/__cypress/runner/cypress_runner.js:144197:19)\n    at onFailFn (http://localhost:42763/__cypress/runner/cypress_runner.js:132448:16)\n    at tryCatcher (http://localhost:42763/__cypress/runner/cypress_runner.js:167415:23)\n    at Promise._settlePromiseFromHandler (http://localhost:42763/__cypress/runner/cypress_runner.js:165351:31)\n    at Promise._settlePromise (http://localhost:42763/__cypress/runner/cypress_runner.js:165408:18)\n    at Promise._settlePromise0 (http://localhost:42763/__cypress/runner/cypress_runner.js:165453:10)\n    at Promise._settlePromises (http://localhost:42763/__cypress/runner/cypress_runner.js:165528:18)\n    at Async../node_modules/bluebird/js/release/async.js.Async._drainQueue (http://localhost:42763/__cypress/runner/cypress_runner.js:162140:16)\n    at Async../node_modules/bluebird/js/release/async.js.Async._drainQueues (http://localhost:42763/__cypress/runner/cypress_runner.js:162150:10)\n    at Async.drainQueues (http://localhost:42763/__cypress/runner/cypress_runner.js:162024:14)",
                "diff": null
              },
              "uuid": "4bab3c49-f4c5-47de-91f5-728c801ba9e2",
              "parentUUID": "9f544876-78d2-4b94-b6f2-eaec5c1b0b07",
              "isHook": false,
              "skipped": false
            },
            {
              "title": "Verifica se ao clicar no botão com um valor preenchido, o tamanho do board muda.",
              "fullTitle": "10 - Faça o quadro de pixels ter seu tamanho definido pelo usuário. Verifica se ao clicar no botão com um valor preenchido, o tamanho do board muda.",
              "timedOut": null,
              "duration": 4304,
              "state": "failed",
              "speed": null,
              "pass": false,
              "fail": true,
              "pending": false,
              "context": null,
              "code": "cy.get('#board-size').clear().type(10);\ncy.get('#generate-board').click();\ncy.get('.pixel').should('have.length', 100);",
              "err": {
                "message": "CypressError: Timed out retrying: Expected to find element: '#board-size', but never found it.",
                "estack": "CypressError: Timed out retrying: Expected to find element: '#board-size', but never found it.\n    at cypressErr (http://localhost:42763/__cypress/runner/cypress_runner.js:149934:9)\n    at throwErr (http://localhost:42763/__cypress/runner/cypress_runner.js:149867:11)\n    at Object.throwErrByPath (http://localhost:42763/__cypress/runner/cypress_runner.js:149915:3)\n    at retry (http://localhost:42763/__cypress/runner/cypress_runner.js:144197:19)\n    at onFailFn (http://localhost:42763/__cypress/runner/cypress_runner.js:132448:16)\n    at tryCatcher (http://localhost:42763/__cypress/runner/cypress_runner.js:167415:23)\n    at Promise._settlePromiseFromHandler (http://localhost:42763/__cypress/runner/cypress_runner.js:165351:31)\n    at Promise._settlePromise (http://localhost:42763/__cypress/runner/cypress_runner.js:165408:18)\n    at Promise._settlePromise0 (http://localhost:42763/__cypress/runner/cypress_runner.js:165453:10)\n    at Promise._settlePromises (http://localhost:42763/__cypress/runner/cypress_runner.js:165528:18)\n    at Async../node_modules/bluebird/js/release/async.js.Async._drainQueue (http://localhost:42763/__cypress/runner/cypress_runner.js:162140:16)\n    at Async../node_modules/bluebird/js/release/async.js.Async._drainQueues (http://localhost:42763/__cypress/runner/cypress_runner.js:162150:10)\n    at Async.drainQueues (http://localhost:42763/__cypress/runner/cypress_runner.js:162024:14)",
                "diff": null
              },
              "uuid": "40795611-03cf-4e6d-a0be-8ddbca8e5d56",
              "parentUUID": "9f544876-78d2-4b94-b6f2-eaec5c1b0b07",
              "isHook": false,
              "skipped": false
            },
            {
              "title": "Verifica se o novo quadro tem todos os pixels preenchidos com a cor branca",
              "fullTitle": "10 - Faça o quadro de pixels ter seu tamanho definido pelo usuário. Verifica se o novo quadro tem todos os pixels preenchidos com a cor branca",
              "timedOut": null,
              "duration": 4237,
              "state": "failed",
              "speed": null,
              "pass": false,
              "fail": true,
              "pending": false,
              "context": null,
              "code": "cy.get('#board-size').clear().type(6);\ncy.get('#generate-board').click();\ncy.get('.pixel').should('have.length', 36).each(function (pixel) {\n  expect(pixel).to.have.css('background-color', WHITE);\n});",
              "err": {
                "message": "CypressError: Timed out retrying: Expected to find element: '#board-size', but never found it.",
                "estack": "CypressError: Timed out retrying: Expected to find element: '#board-size', but never found it.\n    at cypressErr (http://localhost:42763/__cypress/runner/cypress_runner.js:149934:9)\n    at throwErr (http://localhost:42763/__cypress/runner/cypress_runner.js:149867:11)\n    at Object.throwErrByPath (http://localhost:42763/__cypress/runner/cypress_runner.js:149915:3)\n    at retry (http://localhost:42763/__cypress/runner/cypress_runner.js:144197:19)\n    at onFailFn (http://localhost:42763/__cypress/runner/cypress_runner.js:132448:16)\n    at tryCatcher (http://localhost:42763/__cypress/runner/cypress_runner.js:167415:23)\n    at Promise._settlePromiseFromHandler (http://localhost:42763/__cypress/runner/cypress_runner.js:165351:31)\n    at Promise._settlePromise (http://localhost:42763/__cypress/runner/cypress_runner.js:165408:18)\n    at Promise._settlePromise0 (http://localhost:42763/__cypress/runner/cypress_runner.js:165453:10)\n    at Promise._settlePromises (http://localhost:42763/__cypress/runner/cypress_runner.js:165528:18)\n    at Async../node_modules/bluebird/js/release/async.js.Async._drainQueue (http://localhost:42763/__cypress/runner/cypress_runner.js:162140:16)\n    at Async../node_modules/bluebird/js/release/async.js.Async._drainQueues (http://localhost:42763/__cypress/runner/cypress_runner.js:162150:10)\n    at Async.drainQueues (http://localhost:42763/__cypress/runner/cypress_runner.js:162024:14)",
                "diff": null
              },
              "uuid": "88e60945-8970-45d1-862b-90319f1078db",
              "parentUUID": "9f544876-78d2-4b94-b6f2-eaec5c1b0b07",
              "isHook": false,
              "skipped": false
            }
          ],
          "suites": [],
          "passes": [],
          "failures": [
            "33840967-cdc9-415d-9d62-097de626f068",
            "a314c360-b943-4772-9dad-d7bdddba8284",
            "a49cb5f0-dae0-4c15-aa66-605d719fbb8d",
            "da76c4e4-3ed5-4bac-9f8b-6cfc99420e1d",
            "d0716819-bfc8-414b-88b2-4466078437a1",
            "02b5c346-992c-4e9f-bae6-41717738d114",
            "4bab3c49-f4c5-47de-91f5-728c801ba9e2",
            "40795611-03cf-4e6d-a0be-8ddbca8e5d56",
            "88e60945-8970-45d1-862b-90319f1078db"
          ],
          "pending": [],
          "skipped": [],
          "duration": 38199,
          "root": false,
          "rootEmpty": false,
          "_timeout": 2000
        },
        {
          "uuid": "3c920a79-5be0-466b-986b-fbf03b28af42",
          "title": "11 - Limite o tamanho mínimo e máximo do board.",
          "fullFile": "",
          "file": "",
          "beforeHooks": [],
          "afterHooks": [],
          "tests": [
            {
              "title": "Verifica se a altura máxima do board é 50",
              "fullTitle": "11 - Limite o tamanho mínimo e máximo do board. Verifica se a altura máxima do board é 50",
              "timedOut": null,
              "duration": 4284,
              "state": "failed",
              "speed": null,
              "pass": false,
              "fail": true,
              "pending": false,
              "context": null,
              "code": "cy.get('#board-size').clear().type(50);\ncy.get('#generate-board').click();\ncy.get('.pixel').should('have.length', 2500);",
              "err": {
                "message": "CypressError: Timed out retrying: Expected to find element: '#board-size', but never found it.",
                "estack": "CypressError: Timed out retrying: Expected to find element: '#board-size', but never found it.\n    at cypressErr (http://localhost:42763/__cypress/runner/cypress_runner.js:149934:9)\n    at throwErr (http://localhost:42763/__cypress/runner/cypress_runner.js:149867:11)\n    at Object.throwErrByPath (http://localhost:42763/__cypress/runner/cypress_runner.js:149915:3)\n    at retry (http://localhost:42763/__cypress/runner/cypress_runner.js:144197:19)\n    at onFailFn (http://localhost:42763/__cypress/runner/cypress_runner.js:132448:16)\n    at tryCatcher (http://localhost:42763/__cypress/runner/cypress_runner.js:167415:23)\n    at Promise._settlePromiseFromHandler (http://localhost:42763/__cypress/runner/cypress_runner.js:165351:31)\n    at Promise._settlePromise (http://localhost:42763/__cypress/runner/cypress_runner.js:165408:18)\n    at Promise._settlePromise0 (http://localhost:42763/__cypress/runner/cypress_runner.js:165453:10)\n    at Promise._settlePromises (http://localhost:42763/__cypress/runner/cypress_runner.js:165528:18)\n    at Async../node_modules/bluebird/js/release/async.js.Async._drainQueue (http://localhost:42763/__cypress/runner/cypress_runner.js:162140:16)\n    at Async../node_modules/bluebird/js/release/async.js.Async._drainQueues (http://localhost:42763/__cypress/runner/cypress_runner.js:162150:10)\n    at Async.drainQueues (http://localhost:42763/__cypress/runner/cypress_runner.js:162024:14)",
                "diff": null
              },
              "uuid": "6aa90801-e871-459d-b46c-dd7ae6b77bf0",
              "parentUUID": "3c920a79-5be0-466b-986b-fbf03b28af42",
              "isHook": false,
              "skipped": false
            },
            {
              "title": "Verifica se a altura do board é 5 quando um valor menor é colocado no input",
              "fullTitle": "11 - Limite o tamanho mínimo e máximo do board. Verifica se a altura do board é 5 quando um valor menor é colocado no input",
              "timedOut": null,
              "duration": 4203,
              "state": "failed",
              "speed": null,
              "pass": false,
              "fail": true,
              "pending": false,
              "context": null,
              "code": "cy.get('#board-size').clear().type(4);\ncy.get('#generate-board').click();\ncy.get('.pixel').should('have.length', 25);",
              "err": {
                "message": "CypressError: Timed out retrying: Expected to find element: '#board-size', but never found it.",
                "estack": "CypressError: Timed out retrying: Expected to find element: '#board-size', but never found it.\n    at cypressErr (http://localhost:42763/__cypress/runner/cypress_runner.js:149934:9)\n    at throwErr (http://localhost:42763/__cypress/runner/cypress_runner.js:149867:11)\n    at Object.throwErrByPath (http://localhost:42763/__cypress/runner/cypress_runner.js:149915:3)\n    at retry (http://localhost:42763/__cypress/runner/cypress_runner.js:144197:19)\n    at onFailFn (http://localhost:42763/__cypress/runner/cypress_runner.js:132448:16)\n    at tryCatcher (http://localhost:42763/__cypress/runner/cypress_runner.js:167415:23)\n    at Promise._settlePromiseFromHandler (http://localhost:42763/__cypress/runner/cypress_runner.js:165351:31)\n    at Promise._settlePromise (http://localhost:42763/__cypress/runner/cypress_runner.js:165408:18)\n    at Promise._settlePromise0 (http://localhost:42763/__cypress/runner/cypress_runner.js:165453:10)\n    at Promise._settlePromises (http://localhost:42763/__cypress/runner/cypress_runner.js:165528:18)\n    at Async../node_modules/bluebird/js/release/async.js.Async._drainQueue (http://localhost:42763/__cypress/runner/cypress_runner.js:162140:16)\n    at Async../node_modules/bluebird/js/release/async.js.Async._drainQueues (http://localhost:42763/__cypress/runner/cypress_runner.js:162150:10)\n    at Async.drainQueues (http://localhost:42763/__cypress/runner/cypress_runner.js:162024:14)",
                "diff": null
              },
              "uuid": "2b8b61ac-a32e-4b0e-9fcf-a013512bfe79",
              "parentUUID": "3c920a79-5be0-466b-986b-fbf03b28af42",
              "isHook": false,
              "skipped": false
            },
            {
              "title": "Verifica se a altura do board é 50 quando um valor maior é colocado no input",
              "fullTitle": "11 - Limite o tamanho mínimo e máximo do board. Verifica se a altura do board é 50 quando um valor maior é colocado no input",
              "timedOut": null,
              "duration": 4233,
              "state": "failed",
              "speed": null,
              "pass": false,
              "fail": true,
              "pending": false,
              "context": null,
              "code": "cy.get('#board-size').clear().type(51);\ncy.get('#generate-board').click();\ncy.get('.pixel').should('have.length', 2500);",
              "err": {
                "message": "CypressError: Timed out retrying: Expected to find element: '#board-size', but never found it.",
                "estack": "CypressError: Timed out retrying: Expected to find element: '#board-size', but never found it.\n    at cypressErr (http://localhost:42763/__cypress/runner/cypress_runner.js:149934:9)\n    at throwErr (http://localhost:42763/__cypress/runner/cypress_runner.js:149867:11)\n    at Object.throwErrByPath (http://localhost:42763/__cypress/runner/cypress_runner.js:149915:3)\n    at retry (http://localhost:42763/__cypress/runner/cypress_runner.js:144197:19)\n    at onFailFn (http://localhost:42763/__cypress/runner/cypress_runner.js:132448:16)\n    at tryCatcher (http://localhost:42763/__cypress/runner/cypress_runner.js:167415:23)\n    at Promise._settlePromiseFromHandler (http://localhost:42763/__cypress/runner/cypress_runner.js:165351:31)\n    at Promise._settlePromise (http://localhost:42763/__cypress/runner/cypress_runner.js:165408:18)\n    at Promise._settlePromise0 (http://localhost:42763/__cypress/runner/cypress_runner.js:165453:10)\n    at Promise._settlePromises (http://localhost:42763/__cypress/runner/cypress_runner.js:165528:18)\n    at Async../node_modules/bluebird/js/release/async.js.Async._drainQueue (http://localhost:42763/__cypress/runner/cypress_runner.js:162140:16)\n    at Async../node_modules/bluebird/js/release/async.js.Async._drainQueues (http://localhost:42763/__cypress/runner/cypress_runner.js:162150:10)\n    at Async.drainQueues (http://localhost:42763/__cypress/runner/cypress_runner.js:162024:14)",
                "diff": null
              },
              "uuid": "7089b276-5780-490f-9292-26721bcc201c",
              "parentUUID": "3c920a79-5be0-466b-986b-fbf03b28af42",
              "isHook": false,
              "skipped": false
            }
          ],
          "suites": [],
          "passes": [],
          "failures": [
            "6aa90801-e871-459d-b46c-dd7ae6b77bf0",
            "2b8b61ac-a32e-4b0e-9fcf-a013512bfe79",
            "7089b276-5780-490f-9292-26721bcc201c"
          ],
          "pending": [],
          "skipped": [],
          "duration": 12720,
          "root": false,
          "rootEmpty": false,
          "_timeout": 2000
        },
        {
          "uuid": "b5896652-002b-41ec-bf3f-02657de794e2",
          "title": "12 - Faça com que as cores da paleta sejam geradas aleatoriamente ao carregar a página.",
          "fullFile": "",
          "file": "",
          "beforeHooks": [],
          "afterHooks": [],
          "tests": [
            {
              "title": "Verifica se as cores geradas na paleta são diferentes a cada carregamento da página",
              "fullTitle": "12 - Faça com que as cores da paleta sejam geradas aleatoriamente ao carregar a página. Verifica se as cores geradas na paleta são diferentes a cada carregamento da página",
              "timedOut": null,
              "duration": 289,
              "state": "failed",
              "speed": null,
              "pass": false,
              "fail": true,
              "pending": false,
              "context": null,
              "code": "cy.get('.color').then(function (colors) {\n  var currentColors;\n  var previousColors;\n  previousColors = Array.from(colors).map(function (color) {\n    return Cypress.$(color).css('background-color');\n  });\n  for (var i = 0; i < 5; i += 1) {\n    cy.reload();\n    cy.get('.color').then(function (colors) {\n      currentColors = Array.from(colors).map(function (color) {\n        return Cypress.$(color).css('background-color');\n      });\n      expect(currentColors).not.to.deep.equal(previousColors);\n      previousColors = currentColors;\n    });\n  }\n});",
              "err": {
                "message": "AssertionError: expected [ Array(4) ] to not deeply equal [ Array(4) ]",
                "estack": "AssertionError: expected [ Array(4) ] to not deeply equal [ Array(4) ]\n    at getRet (http://localhost:42763/__cypress/runner/cypress_runner.js:136585:16)\n    at tryCatcher (http://localhost:42763/__cypress/runner/cypress_runner.js:167415:23)\n    at Function.Promise.attempt.Promise.try (http://localhost:42763/__cypress/runner/cypress_runner.js:164690:29)\n    at Context.thenFn (http://localhost:42763/__cypress/runner/cypress_runner.js:136599:23)\n    at Context.then (http://localhost:42763/__cypress/runner/cypress_runner.js:136971:21)\n    at Context.<anonymous> (http://localhost:42763/__cypress/runner/cypress_runner.js:148875:21)\n    at http://localhost:42763/__cypress/runner/cypress_runner.js:148351:33\n    at tryCatcher (http://localhost:42763/__cypress/runner/cypress_runner.js:167415:23)\n    at Promise._settlePromiseFromHandler (http://localhost:42763/__cypress/runner/cypress_runner.js:165351:31)\n    at Promise._settlePromise (http://localhost:42763/__cypress/runner/cypress_runner.js:165408:18)\n    at Promise._settlePromiseCtx (http://localhost:42763/__cypress/runner/cypress_runner.js:165445:10)\n    at Async../node_modules/bluebird/js/release/async.js.Async._drainQueue (http://localhost:42763/__cypress/runner/cypress_runner.js:162145:12)\n    at Async../node_modules/bluebird/js/release/async.js.Async._drainQueues (http://localhost:42763/__cypress/runner/cypress_runner.js:162150:10)\n    at Async.drainQueues (http://localhost:42763/__cypress/runner/cypress_runner.js:162024:14)",
                "diff": ""
              },
              "uuid": "b9bf3318-935e-47b5-840c-ec9b12b9c10d",
              "parentUUID": "b5896652-002b-41ec-bf3f-02657de794e2",
              "isHook": false,
              "skipped": false
            },
            {
              "title": "Verifica se a cor preta ainda está presente e é a primeira na sua paleta de cores",
              "fullTitle": "12 - Faça com que as cores da paleta sejam geradas aleatoriamente ao carregar a página. Verifica se a cor preta ainda está presente e é a primeira na sua paleta de cores",
              "timedOut": null,
              "duration": 374,
              "state": "failed",
              "speed": null,
              "pass": false,
              "fail": true,
              "pending": false,
              "context": null,
              "code": "cy.get('.color').then(function (colors) {\n  var currentColors;\n  var previousColors;\n  previousColors = Array.from(colors).map(function (color) {\n    return Cypress.$(color).css('background-color');\n  });\n  expect(previousColors[0]).to.eq(BLACK);\n  for (var i = 0; i < 5; i += 1) {\n    cy.reload();\n    cy.get('.color').then(function (colors) {\n      currentColors = Array.from(colors).map(function (color) {\n        return Cypress.$(color).css('background-color');\n      });\n      expect(currentColors[0]).to.eq(BLACK);\n      expect(currentColors).not.to.deep.equal(previousColors);\n      previousColors = currentColors;\n    });\n  }\n});",
              "err": {
                "message": "AssertionError: expected [ Array(4) ] to not deeply equal [ Array(4) ]",
                "estack": "AssertionError: expected [ Array(4) ] to not deeply equal [ Array(4) ]\n    at getRet (http://localhost:42763/__cypress/runner/cypress_runner.js:136585:16)\n    at tryCatcher (http://localhost:42763/__cypress/runner/cypress_runner.js:167415:23)\n    at Function.Promise.attempt.Promise.try (http://localhost:42763/__cypress/runner/cypress_runner.js:164690:29)\n    at Context.thenFn (http://localhost:42763/__cypress/runner/cypress_runner.js:136599:23)\n    at Context.then (http://localhost:42763/__cypress/runner/cypress_runner.js:136971:21)\n    at Context.<anonymous> (http://localhost:42763/__cypress/runner/cypress_runner.js:148875:21)\n    at http://localhost:42763/__cypress/runner/cypress_runner.js:148351:33\n    at tryCatcher (http://localhost:42763/__cypress/runner/cypress_runner.js:167415:23)\n    at Promise._settlePromiseFromHandler (http://localhost:42763/__cypress/runner/cypress_runner.js:165351:31)\n    at Promise._settlePromise (http://localhost:42763/__cypress/runner/cypress_runner.js:165408:18)\n    at Promise._settlePromiseCtx (http://localhost:42763/__cypress/runner/cypress_runner.js:165445:10)\n    at Async../node_modules/bluebird/js/release/async.js.Async._drainQueue (http://localhost:42763/__cypress/runner/cypress_runner.js:162145:12)\n    at Async../node_modules/bluebird/js/release/async.js.Async._drainQueues (http://localhost:42763/__cypress/runner/cypress_runner.js:162150:10)\n    at Async.drainQueues (http://localhost:42763/__cypress/runner/cypress_runner.js:162024:14)",
                "diff": ""
              },
              "uuid": "b2c97dca-bd1d-4609-af1b-5b8fb0f45c29",
              "parentUUID": "b5896652-002b-41ec-bf3f-02657de794e2",
              "isHook": false,
              "skipped": false
            }
          ],
          "suites": [],
          "passes": [],
          "failures": [
            "b9bf3318-935e-47b5-840c-ec9b12b9c10d",
            "b2c97dca-bd1d-4609-af1b-5b8fb0f45c29"
          ],
          "pending": [],
          "skipped": [],
          "duration": 663,
          "root": false,
          "rootEmpty": false,
          "_timeout": 2000
        }
      ],
      "passes": [],
      "failures": [],
      "pending": [],
      "skipped": [],
      "duration": 0,
      "root": true,
      "rootEmpty": true,
      "_timeout": 2000
    }
  ],
  "meta": {
    "mocha": {
      "version": "7.0.1"
    },
    "mochawesome": {
      "options": {
        "quiet": false,
        "reportFilename": "mochawesome",
        "saveHtml": false,
        "saveJson": true,
        "consoleReporter": "spec",
        "useInlineDiffs": false
      },
      "version": "4.1.0"
    },
    "marge": {
      "options": {
        "id": "default",
        "reportDir": "cypress/reports",
        "overwrite": true,
        "html": false,
        "json": true
      },
      "version": "4.1.0"
    }
  }
}